[   .00000]niiaizincgup ssycpset   0.000000] Iniaizng cousubs c
[   .0000]nializg cgrupsubs cacct[   0.000] Linux vesi 44.0-6-nericbudd@lgw0-a64035)gcversn 4.0 20160609 (Ubuntu 5.4.0-6butu~1.04.10)) 72Ubun S Wedpr 08:59:42 UTC 209 butu 4.0-6.17geric 4.7)
  .00000 KNEL ppte cpus
[  0.000000] Inl Geinntel[   0.00000  MD AuthentcA
    .000] NSGede bNS
[  00000  yrixyrInstd[   .0000] Ctaur CtaHaul
[   0.0000  ransmeta GeninMx6
[  0.0000  ranstaranstaU
[  0000] UMC C C UMC   0.00000x86/fpu: xstate_offset[2]:  576, xstate_sizes[2]:  256
[    0.000000] x86/fpu: Supporting XSAVE feature 0x01: 'x87 floating point registers'
[    0.000000] x86/fpu: Supporting XSAVE feature 0x02: 'SSE registers'
[    0.000000] x86/fpu: Supporting XSAVE feature 0x04: 'X registers'
[    0.000000] x86/fpu: Enabled xstate features 0x7, context size is 832ytes ung'staar fort.
[  0.0000e8: BIS-ovded ysal R m:
[   0.0000] OS82: [m 000000000000x0000009ff] ubl
[    0.000000] IOe80: [m 00000009fc00-0x00000000009ff] reserved
[    0.000000] BIOS-e820: [mem 0x00000000000f0000-0x00000000000fffff] reserved
[    0.000000] BIOS-e820: [mem 0x0000000000100000-0x000000003ffefff] ab
[   0.000] BS-20: emx000003f0000x00000ffff] ACPdata
[  .0000]IOe820[m 0000000fc0000-00000fecff resve
[  0.000] BS-20: [m 000000fee00000-0x00000000fee00fff] reserved
[    0.000000] BIOS-e820: [mem 0x00000000fffc0000-0x00000000ffffffff] reserved
[    0.000000] NX (Execute Disable) protection: active
[    0.000000] SMBIOS 2.5 present.
[    0.000000] Hypervisor detected: KVM
[    0.000000] e820: last_pfn = 0x3fff0 max_arch_pfn = 0x1000000
[    0.000000] MTRR: Disabled
[    0.000000] x86/PAT: MTRRs disabled, skipping PAT initialization too.
[    0.000000] CPU MTRRs all blank - virtualized system.
[    0.000000] x86/PAT: Configuration [0-7]: WB  WT  UC- UC  WB  WT  UC- UC  
[    0.000000] found SMP MP-table at [mem 0x0009fff0-0x0009ffff] mapped at [c009fff0]
[    0.000000] Scanning 1 areas for low memory corruption
[    0.000000] RAMDISK: [mem 0x363be000-0x371d6fff]
[    0.000000] ACPI: Early table checksum verification disabled
[    0.000000] ACPI: RSDP 0x00000000000E0000 000024 (v02 VBOX  )
[    0.000000] ACPI: XSDT 0x000000003FFF0030 00003C (v01 VBOX   VBOXXSDT 00000001 ASL  00000061)
[    0.000000] ACPI: FACP 0x000000003FFF00F0 0000F4 (v04 VBOX   VBOXFACP 00000001 ASL  00000061)
[    0.000000] ACPI: DSDT 0x000000003FFF0470 0021FF (v02 VBOX   VBOXBIOS 00000002 INTL 20100528)
[    0.000000] ACPI: FACS 0x000000003FFF0200 000040
[    0.000000] ACPI: FACS 0x000000003FFF0200 000040
[    0.000000] ACPI: APIC 0x000000003FFF0240 00005C (v02 VBOX   VBOXAPIC 00000001 ASL  00000061)
[    0.000000] ACPI: SSDT 0x000000003FFF02A0 0001CC (v01 VBOX   VBOXCPUT 00000002 INTL 20100528)
[    0.000000] 131MB HIGHMEM available.
[    0.000000] 891MB LOWMEM available.
[    0.000000]   mapped low ram: 0 - 7b00
[  00000  owram: -7bfe0[   .0000] k-cock:si msr4b4d1 an4b4d00[   0.00] kvclk:cpu 0, r 37bf01primy u lock
[  00000 k-cloc ung scd fset of 3153112495 cycles
[    0.000000] clocksource: kvm-clock: mask: 0xffffffffffffffff max_cycles: 0x1cd42e4dffb, max_idle_ns: 881590591483 ns
[    0.000000] Zone ranges:
[    00000   D    [me 000000000100-0x00000000ffffff]
    0.000000]   Normal   em 0x000000001000000-0x0000000037bfdfff]
[    0.00000]   HighMem  [mem 0x0000000037bfe000-0x000000003ffeffff]
[    0.000000] Movable zone start for each node
[    0.000000] Early memory node ranges
[    0.000000]   node   0: [mem 0x0000000000001000-0x000000000009efff]
[    0.000000]   node   0: [mem 0x0000000000100000-0x000000003ffeffff]
[    0.000000] Initmem setup node 0 [mem 0x0000000000001000-0x000000003ffeffff]
[    0.000000] Using APIC driver default
[    0.000000] ACPI: PM-Timer IO Port: 0x4008
[    0.000000] IOAPIC[0]: apic_id 2, version 32, address 0xfec00000, GSI 0-23
[    0.000000] ACPI: INT_SRC_OVR (bus 0 bus_irq 0 global_irq 2 dfl dfl)
[    0.000000] ACPI: INT_SRC_OVR (bus 0 bus_irq 9 global_irq 9 low level)
[    0.000000] Using ACPI (MADT) for SMP configuration information
[    0.000000] smpboot: Allowing 2 CPUs, 0 hotplug CPUs
[    0.000000] PM: Registered nosave memory: [mem 0x00000000-0x00000fff]
[    0.000000] PM: Registered nosave memory: [mem 0x0009f000-0x0009ffff]
[    0.000000] PM: Registered nosave memory: [mem 0x000a0000-0x000effff]
[    0.000000] PM: Registered nosave memory: [mem 0x000f0000-0x000fffff]
[    0.000000] e820: [mem 0x40000000-0xfebfffff] available for PCI devices
[    0.000000] Booting paravirtualized kernel on KVM
[    0.000000] clocksource: refined-jiffies: mask: 0xffffffff max_cycles: 0xffffffff, max_idle_ns: 7645519600211568 ns
[    0.000000] setup_percpu: NR_CPUS:8 nr_cpumask_bits:8 nr_cpu_ids:2 nr_node_ids:1
[    0.000000] PERCPU: Embedded 19 pages/cpu @f6397000 s47308 r0 d30516 u77824
[    0.000000] Built 1 zonelists in Zone order, mobility grouping on.  Total pages: 259800
[    0.000000] Kernel command line: BOOT_IMAGE=/boot/vmlinuz-4.4.0-146-generic root=LABEL=cloudimg-rootfs ro console=tty1 console=ttyS0
[    0.000000] PID hash table entries: 4096 (order: 2, 16384 bytes)
[    0.000000] Dentry cache hash table entries: 131072 (order: 7, 524288 bytes)
[    0.000000] Inode-cache hash table entries: 65536 (order: 6, 262144 bytes)
[    0.000000] Initializing CPU#0
[    0.000000] Initializing HighMem for node 0 (00037bfe:0003fff0)
[    0.000000] Initializing Movable for node 0 (00000000:00000000)
[    0.000000] Memory: 1008320K/1048120K available (8099K kernel code, 788K rwdata, 3204K rodata, 932K init, 784K bss, 39800K reserved, 0K cma-reserved, 135112K highmem)
[    0.000000] virtual kernel memory layout:
[    0.000000]     fixmap  : 0xfff15000 - 0xfffff000   ( 936 kB)
[    0.000000]     pkmap   : 0xffc00000 - 0xffe00000   (2048 kB)
[    0.000000]     vmalloc : 0xf83fe000 - 0xffbfe000   ( 120 MB)
[    0.000000]     lowmem  : 0xc0000000 - 0xf7bfe000   ( 891 MB)
[    0.000000]       .init : 0xc1bd3000 - 0xc1cbc000   ( 932 kB)
[    0.000000]       .data : 0xc17e92c8 - 0xc1bd1300   (4000 kB)
[    0.000000]       .text : 0xc1000000 - 0xc17e92c8   (8100 kB)
[    0.000000] Checking if this processor honours the WP bit even in supervisor mode...Ok.
[    0.000000] SLUB: HWalign=64, Order=0-3, MinObjects=0, CPUs=2, Nodes=1
[    0.000000] Hierarchical RCU implementation.
[    0.000000] 	Build-time adjustment of leaf fanout to 32.
[    0.000000] 	RCU resttricting CPUs from NR_CPUS=8 to nr_cpu_ids=2.
[    0.000000] RCU: Adjusting geometry for rcu_fanout_leaf=32, nr_cpu_ids=2
[    0.000000] NR_IRQS:2304 nr_irqs:440 16
[    0.000000] Console: colour VGA+ 80x25
[    0.000000] console [tty1] enabled
[    0.000000] console [ttyS0] enabled
[    0.000000] allocated 1048576 bytes of page_ext
[    0.000000] tsc: Detected 3192.002 MHz processor
[    6.948836] Calibrating delay loop (skipped) preset value.. 6384.00 BogoMIPS (lpj=12768008)
[    6.957739] pid_max: default: 32768 minimum: 301
[    6.958735] ACPI: Core revision 20150930
[    6.960447] ACPI: 2 ACPI AML tables successfully acquired and loaded
[    6.961882] Security Framework initialized
[    6.962863] Yama: becoming mindful.
[    6.963660] AppArmor: AppArmor initialized
[    6.964549] Mount-cache hash table entries: 2048 (order: 1, 8192 bytes)
[    6.965941] Mountpoint-cache hash table entries: 2048 (order: 1, 8192 bytes)
[    6.967507] Initializing cgroup subsys io
[    6.968438] Initializing cgroup subsys memory
[    6.969599] Initializing cgroup subsys devices
[    6.970584] Initializing cgroup subsys freezer
[    6.971544] Initializing cgroup subsys net_cls
[    6.972467] Initializing cgroup subsys perf_event
[    6.973354] Initializing cgroup subsys net_prio
[    6.974341] Initializing cgroup subsys hugetlb
[    6.975257] Initializing cgroup subsys pids
[    6.978215] mce: CPU supports 0 MCE banks
[    6.979133] Last level iTLB entries: 4KB 128, 2MB 8, 4MB 8
[    6.980263] Last level dTLB entries: 4KB 64, 2MB 0, 4MB 0, 1GB 4
[    6.981442] Spectre V2 : Mitigation: Full generic retpoline
[    6.982525] Spectre V2 : Spectre v2 / SpectreRSB mitigation: Filling RSB on context switch
[    6.984400] Speculative Store Bypass: Vulnerable
[    6.988293] Freeing SMP alternatives memory: 36K
[    6.993739] ftrace: allocating 31561 entries in 62 pages
[    7.047584] smpboot: APIC(0) Converting physical 0 to logical package 0
[    7.048660] smpboot: Max logical packages: 1
[    7.049428] Enabling APIC mode:  Flat.  Using 1 I/O APICs
[    7.051348] ..TIMER: vector=0x30 apic1=0 pin1=2 apic2=-1 pin2=-1
[    7.160181] smpboot: CPU0: Intel(R) Core(TM) i5-6500 CPU @ 3.20GHz (family: 0x6, model: 0x5e, stepping: 0x3)
[    7.276232] Performance Events: unsupported p6 CPU model 94 no PMU driver, software events only.
[    7.530536] KVM setup paravirtual spinlock
[    7.558558] x86: Booting SMP configuration:
[    7.559800] .... node  #0, CPUs:      #1
[1266874886.556439] Initializing CPU#1
[    7.561501] kvm-clock: cpu 1, msr 0:37bfd041, secondary cpu clock
[    7.564685] mce: CPU supports 0 MCE banks
[    7.640089] x86: Booted up 1 node, 2 CPUs
[    7.656587] smpboot: Total of 2 processors activated (12768.00 BogoMIPS)
[    7.658294] devtmpfs: initialized
[    7.745763] evm: security.selinux
[    7.800287] evm: security.SMACK64
[    7.906751] evm: security.SMACK64EXEC
[    8.008512] evm: security.SMACK64TRANSMUTE
[    8.132143] evm: security.SMACK64MMAP
[    8.228384] evm: security.ima
[    8.304793] evm: security.capability
[    8.406288] clocksource: jiffies: mask: 0xffffffff max_cycles: 0xffffffff, max_idle_ns: 7645041785100000 ns
[    8.630896] futex hash table entries: 512 (order: 3, 32768 bytes)
[    8.638735] pinctrl core: initialized pinctrl subsystem
[    8.639963] RTC time: 23:16:22, date: 05/02/19
[    8.640984] NET: Registered protocol family 16
[    8.641992] EISA bus registered
[    8.692730] cpuidle: using governor ladder
[    8.834525] cpuidle: using governor menu
[    8.850920] PCCT header not found.
[    8.903714] ACPI: bus type PCI registered
[    8.904530] acpiphp: ACPI Hot Plug PCI Controller Driver version: 0.5
[    8.905848] PCI : PCI BIOS area is rw and x. Use pci=nobios if you want it NX.
[    9.056785] PCI: PCI BIOS revision 2.10 entry at 0xfda26, last bus=0
[    9.259988] PCI: Using configuration type 1 for base access
[    9.405048] ACPI: Added _OSI(Module Device)
[    9.526366] ACPI: Added _OSI(Processor Device)
[    9.665683] ACPI: Added _OSI(3.0 _SCP Extensions)
[    9.703045] ACPI: Added _OSI(Processor Aggregator Device)
[    9.739602] ACPI: Executed 1 blocks of module-level executable AML code
[    9.884234] ACPI: Interpreter enabled
[    9.982738] ACPI: (supports S0 S5)
[   10.038671] ACPI: Using IOAPIC for interrupt routing
[   10.039580] PCI: Using host bridge windows from ACPI; if necessary, use "pci=nocrs" and report a bug
[   10.043793] ACPI: PCI Root Bridge [PCI0] (domain 0000 [bus 00-ff])
[   10.125259] acpi PNP0A03:00: _OSC: OS supports [ASPM ClockPM Segments MSI]
[   10.134474] acpi PNP0A03:00: _OSC: not requesting OS control; OS requires [ExtendedConfig ASPM ClockPM MSI]
[   10.136095] acpi PNP0A03:00: fail to add MMCONFIG information, can't access extended PCI configuration space under this bridge.
[   10.449362] PCI host bridge to bus 0000:00
[   10.557664] pci_bus 0000:00: root bus resource [io  0x0000-0x0cf7 window]
[   10.578136] pci_bus 0000:00: root bus resource [io  0x0d00-0xffff window]
[   10.579191] pci_bus 0000:00: root bus resource [mem 0x000a0000-0x000bffff window]
[   10.587372] pci_bus 0000:00: root bus resource [mem 0x40000000-0xfdffffff window]
[   10.617474] pci_bus 0000:00: root bus resource [bus 00-ff]
[   10.619673] pci 0000:00:01.1: legacy IDE quirk: reg 0x10: [io  0x01f0-0x01f7]
[   10.744755] pci 0000:00:01.1: legacy IDE quirk: reg 0x14: [io  0x03f6]
[   10.746410] pci 0000:00:01.1: legacy IDE quirk: reg 0x18: [io  0x0170-0x0177]
[   10.748028] pci 0000:00:01.1: legacy IDE quirk: reg 0x1c: [io  0x0376]
[   10.763624] pci 0000:00:07.0: quirk: [io  0x4000-0x403f] claimed by PIIX4 ACPI
[   10.912229] pci 0000:00:07.0: quirk: [io  0x4100-0x410f] claimed by PIIX4 SMB
[   11.113123] ACPI: PCI Interrupt Link [LNKA] (IRQs 5 9 10 *11)
[   11.277122] ACPI: PCI Interrupt Link [LNKB] (IRQs 5 9 *10 11)
[   11.450955] ACPI: PCI Interrupt Link [LNKC] (IRQs 5 *9 10 11)
[   11.554656] ACPI: PCI Interrupt Link [LNKD] (IRQs 5 9 10 *11)
[   11.556061] ACPI: Enabled 2 GPEs in block 00 to 07
[   11.557341] vgaarb: setting as boot device: PCI:0000:00:02.0
[   11.558274] vgaarb: device added: PCI:0000:00:02.0,decodes=io+mem,owns=io+mem,locks=none
[   11.565923] vgaarb: loaded
[   11.566566] vgaarb: bridge control possible 0000:00:02.0
[   11.567604] SCSI subsystem initialized
[   11.575542] ACPI: bus type USB registered
[   11.576237] usbcore: registered new interface driver usbfs
[   11.577092] usbcore: registered new interface driver hub
[   11.578001] usbcore: registered new device driver usb
[   11.579248] PCI: Using ACPI for IRQ routing
[   11.580175] NetLabel: Initializing
[   11.580750] NetLabel:  domain hash size = 128
[   11.621693] NetLabel:  protocols = UNLABELED CIPSOv4
[   11.622682] NetLabel:  unlabeled traffic allowed by default
[   11.623795] amd_nb: Cannot enumerate AMD northbridges
[   11.624778] clocksource: Switched to clocksource kvm-clock
[   11.634405] AppArmor: AppArmor Filesystem Enabled
[   11.635367] pnp: PnP ACPI init
[   11.636526] pnp: PnP ACPI: found 3 devices
[   11.637334] PnPBIOS: Disabled by ACPI PNP
[   .654 clocsource: acpi_pm: mask: 0xffffff max_cycles: 0xffffff, max_idle_ns: 2085701024 ns
[   11.867306] NET: Registered protocol family 2

[   11.868118] TCP established hash table entries: 8192 (order: 3, 768 bytes)

[   11.921807] TCP bind hash table entries: 8192 (order: 4, 65536 bytes)
[   11.922883] TCP: Hash tables configured (established 8192 bind 8192)
[   11.923902] UDP hash table entries: 512 (order: 2, 16384 bytes)
[   11.924877] UDP-Lite hash table entries: 512 (order: 2, 16384 bytes)
[   19205NE Risreproc fil1  2.00] i 000:.0: mitin decPCPCtrsfs  3.03] i 000:.0Acvating ISA DMA hang workarounds
[   13.666105] Unpackingniams...
[   14.083166] Freeing initrd memory: 14436K
[   14.128357] platform rtc_cmos: registered platform RTC device (no PNP device found)
[   14.381219] Scanning for low memory corruption every 60 seconds
[   14.551110] audit: initializing netlink subsys (disabled)
[   14.669325] audit: type=2000 audit(1556838982.326:1): initialized
[   14.783396] Initialise system trusted keyring
[   14.868834] HugeTLB registered 2 MB page size, pre-allocated 0 pages
[   14.992925] zbud: loaded
[   14.993920] VFS: Disk quotas dquot_6.6.0
[   14.994942] VFS: Dquot-cache hash table entries: 1024 (order 0, 4096 bytes)
[   14.996784] squashfs: version 4.0 (2009/01/31) Phillip Lougher
[   14.998423] fuse init (API version 7.23)
[   14.999580] Key type big_key registered
[   15.000510] Allocating IMA MOK and blacklist keyrings.
[   15.003549] Key type asymmetric registered
[   15.004450] Asymmetric key parser 'x509' registered
[   15.005400] bounce: pool size: 64 pages
[   15.006279] Block layer SCSI generic (bsg) driver version 0.4 loaded (major 249)
[   15.007708] io scheduler noop registered
[   15.008560] io scheduler deadline registered (default)
[   15.009665] io scheduler cfq registered
[   15.010575] pci_hotplug: PCI Hot Plug PCI Core version: 0.5
[   15.011594] pciehp: PCI Express Hot Plug Controller Driver version: 0.4
[   15.012924] ACPI: AC Adapter [AC] (on-line)
[   15.013815] input: Power Button as /devices/LNXSYSTM:00/LNXPWRBN:00/input/input0
[   15.022001] ACPI: Power Button [PWRF]
[   15.125494] tsc: Refined TSC clocksource calibration: 3192.051 MHz
[   15.133238] input: Sleep Button as /devices/LNXSYSTM:00/LNXSLPBN:00/input/input1
[   15.133240] ACPI: Sleep Button [SLPF]
[   15.280884] GHES: HEST is not enabled!
[   15.391121] clocksource: tsc: mask: 0xffffffffffffffff max_cycles: 0x2e02f536ad7, max_idle_ns: 440795365121 ns
[   15.392832] isapnp: Scanning for PnP cards...
[   15.392845] Serial: 8250/16550 driver, 32 ports, IRQ sharing enabled
[   15.414830] 00:02: ttyS0 at I/O 0x3f8 (irq = 4, base_baud = 115200) is a 16550A
[   15.582482] Linux agpgart interface v0.103
[   15.867572] loop: module loaded
[   15.868679] scsi host0: ata_piix
[   15.869390] scsi host1: ata_piix
[   15.901848] ata1: PATA max UDMA/33 cmd 0x1f0 ctl 0x3f6 bmdma 0xd000 irq 14
[   15.904827] ata2: PATA max UDMA/33 cmd 0x170 ctl 0x376 bmdma 0xd008 irq 15
[   15.912237] libphy: Fixed MDIO Bus: probed
[   15.912997] tun: Universal TUN/TAP device driver, 1.6
[   15.913820] tun: (C) 1999-2004 Max Krasnyansky <maxk@qualcomm.com>
[   15.914807] PPP generic driver version 2.4.2
[   15.915634] ehci_hcd: USB 2.0 'Enhanced' Host Controller (EHCI) Driver
[   15.916683] ehci-pci: EHCI PCI platform driver
[   15.917750] ehci-platform: EHCI generic platform driver
[   15.918669] ohci_hcd: USB 1.1 'Open' Host Controller (OHCI) Driver
[   15.919742] ohci-pci: OHCI PCI platform driver
[   15.926525] ohci-platform: OHCI generic platform driver
[   15.927370] uhci_hcd: USB Universal Host Controller Interface driver
[   15.928538] i8042: PNP: PS/2 Controller [PNP0303:PS2K,PNP0f03:PS2M] at 0x60,0x64 irq 1,12
[   15.930609] serio: i8042 KBD port at 0x60,0x64 irq 1
[   15.938348] serio: i8042 AUX port at 0x60,0x64 irq 12
[   15.939275] mousedev: PS/2 mouse device common for all mice
[   15.940876] rtc_cmos rtc_cmos: rtc core: registered rtc_cmos as rtc0
[   15.957740] input: AT Translated Set 2 keyboard as /devices/platform/i8042/serio0/input/input2
[   15.976946] rtc_cmos rtc_cmos: alarms up to one day, 114 bytes nvram
[   15.977951] i2c /dev entries driver
[   15.978750] device-mapper: uevent: version 1.0.3
[   15.979642] device-mapper: ioctl: 4.34.0-ioctl (2015-10-28) initialised: dm-devel@redhat.com
[   15.981143] platform eisa.0: Probing EISA bus 0
[   15.981893] platform eisa.0: EISA: Cannot allocate resource for mainboard
[   15.989204] platform eisa.0: Cannot allocate resource for EISA slot 1
[   15.990180] platform eisa.0: Cannot allocate resource for EISA slot 2
[   15.997474] platform eisa.0: Cannot allocate resource for EISA slot 3
[   15.998628] platform eisa.0: Cannot allocate resource for EISA slot 4
[   15.999657] platform eisa.0: Cannot allocate resource for EISA slot 5
[   16.000659] platform eisa.0: Cannot allocate resource for EISA slot 6
[   16.001667] platform eisa.0: Cannot allocate resource for EISA slot 7
[   16.002666] platform eisa.0: Cannot allocate resource for EISA slot 8
[   16.003618] platform eisa.0: EISA: Detected 0 cards
[   16.004428] cpufreq-nforce2: No nForce2 chipset.
[   16.005261] ledtrig-cpu: registered to indicate activity on CPUs
[   16.006431] NET: Registered protocol family 10
[   16.007403] NET: Registered protocol family 17
[   16.020397] Key type dns_resolver registered
[   16.021286] Using IPI No-Shortcut mode
[   16.022025] registered taskstats version 1
[   16.022779] Loading compiled-in X.509 certificates
[   16.032184] Loaded X.509 cert 'Build time autogenerated kernel key: 56be136ccd6c287fae9666a12323e6ec8043de9a'
[   16.033761] zswap: loaded using pool lzo/zbud
[   16.042504] Key type trusted registered
[   16.045021] Key type encrypted registered
[   16.051827] AppArmor: AppArmor sha1 policy hashing enabled
[   16.057715] ima: No TPM chip found, activating TPM-bypass!
[   16.061999] ima: Allocated hash algorithm: sha1
[   16.063109] evm: HMAC attrs: 0x1
[   16.077798]   Magic number: 3:304:301
[   16.085271] tty tty30: hash matches
[   16.086081] rtc_cmos rtc_cmos: setting system clock to 2019-05-02 23:16:30 UTC (1556838990)
[   16.097200] BIOS EDD facility v0.16 2004-Jun-25, 0 devices found
[   16.098215] EDD information not available.
[   16.225960] isapnp: No Plug & Play device found
[   16.341842] Freeing unused kernel memory: 932K
[   17.309122] Write protecting the kernel text: 8104k
[   17.462439] Write protecting the kernel read-only data: 3208k
[   17.565516] NX-protecting the kernel data: 6232k
Loading, please [   17.577633] random: systemd-udevd: uninitialized urandom read (16 bytes read, 0 bits of entropy available)
wait...
starting version 229
[   17.578154] random: udevadm: uninitialized urandom read (16 bytes read, 0 bits of entropy available)
[   17.585870] random: udevadm: uninitialized urandom read (16 bytes read, 0 bits of entropy available)
[   17.585903] random: udevadm: uninitialized urandom read (16 bytes read, 0 bits of entropy available)
[   17.586011] random: udevadm: uninitialized urandom read (16 bytes read, 0 bits of entropy available)
[   17.586053] random: udevadm: uninitialized urandom read (16 bytes read, 0 bits of entropy available)
[   17.586090] random: udevadm: uninitialized urandom read (16 bytes read, 0 bits of entropy available)
[   17.586132] random: udevadm: uninitialized urandom read (16 bytes read, 0 bits of entropy available)
[   17.586171] random: udevadm: uninitialized urandom read (16 bytes read, 0 bits of entropy available)
[   17.586210] random: udevadm: uninitialized urandom read (16 bytes read, 0 bits of entropy available)
[   18.198861] Fusion MPT base driver 3.04.20
[   18.201758] Copyright (c) 1999-2008 LSI Corporation
[   18.220496] e1000: Intel(R) PRO/1000 Network Driver - version 7.3.21-k8-NAPI
[   18.221757] e1000: Copyright (c) 1999-2006 Intel Corporation.
[   18.237206] Fusion MPT SPI Host driver 3.04.20
[   18.420188] input: ImExPS/2 Generic Explorer Mouse as /devices/platform/i8042/serio1/input/input4
[   18.860757] e1000 0000:00:03.0 eth0: (PCI:33MHz:32-bit) 02:77:61:3d:13:fa
[   20.140362] e1000 0000:00:03.0 eth0: Intel(R) PRO/1000 Network Connection
[   20.303011] e1000 0000:00:03.0 enp0s3: renamed from eth0
[   20.311392] mptbase: ioc0: Initiating bringup
[   20.403789] ioc0: LSI53C1030 A0: Capabilities={Initiator}
[   22.155373] scsi host2: ioc0: LSI53C1030 A0, FwRev=00000000h, Ports=1, MaxQ=256, IRQ=20
[   22.825122] scsi 2:0:0:0: Direct-Access     VBOX     HARDDISK         1.0  PQ: 0 ANSI: 5
[   23.300195] scsi target2:0:0: Beginning Domain Validation
[   23.443909] scsi target2:0:0: Domain Validation skipping write tests
[   23.445095] scsi target2:0:0: Ending Domain Validation
[   23.446113] scsi target2:0:0: asynchronous
[   23.447557] scsi 2:0:1:0: Direct-Access     VBOX     HARDDISK         1.0  PQ: 0 ANSI: 5
[   23.449007] scsi target2:0:1: Beginning Domain Validation
[   23.451388] scsi target2:0:1: Domain Validation skipping write tests
[   23.452392] scsi target2:0:1: Ending Domain Validation
[   23.453353] scsi target2:0:1: asynchronous
[   23.459760] sd 2:0:0:0: [sda] 20971520 512-byte logical blocks: (10.7 GB/10.0 GiB)
[   23.461099] sd 2:0:0:0: Attached scsi generic sg0 type 0
[   23.462156] sd 2:0:0:0: [sda] Write Protect is off
[   23.463178] sd 2:0:0:0: [sda] Incomplete mode parameter data
[   23.464142] sd 2:0:0:0: [sda] Assuming drive cache: write through
[   23.465510] sd 2:0:1:0: [sdb] 20480 512-byte logical blocks: (10.5 MB/10.0 MiB)
[   23.465749] sd 2:0:1:0: Attached scsi generic sg1 type 0
[   23.468092] sd 2:0:1:0: [sdb] Write Protect is off
[   23.511079] sd 2:0:1:0: [sdb] Incomplete mode parameter data
[   23.594063] sd 2:0:1:0: [sdb] Assuming drive cache: write through
[   23.594130]  sda: sda1
[   23.676323] sd 2:0:0:0: [sda] Attached SCSI disk
[   23.688349] sd 2:0:1:0: [sdb] Attached SCSI disk
Begin: Loading e[   25.229301] md: linear personality registered for level -1
ssential drivers[   25.392412] md: multipath personality registered for level -4
 ... [   25.592756] md: raid0 personality registered for level 0
[   25.635328] md: raid1 personality registered for level 1
[   25.773537] raid6: mmxx1    gen()  7052 MB/s
[   25.953131] raid6: mmxx2    gen()  7265 MB/s
[   26.149439] raid6: sse1x1   gen()  6087 MB/s
[   26.336821] raid6: sse1x2   gen()  7164 MB/s
[   26.548786] raid6: sse2x1   gen() 12582 MB/s
[   26.677309] raid6: sse2x1   xor()  7439 MB/s
[   26.776974] raid6: sse2x2   gen() 14671 MB/s
[   26.957029] raid6: sse2x2   xor() 10166 MB/s
[   27.165061] raid6: avx2x1   gen() 25184 MB/s
[   27.297556] raid6: avx2x2   gen() 27461 MB/s
[   27.348126] raid6: using algorithm avx2x2 gen() 27461 MB/s
[   27.360702] raid6: using avx2x1 recovery algorithm
[   27.394755] xor: automatically using best checksumming function:
[   27.488822]    avx       : 25566.000 MB/sec
[   27.543900] async_tx: api initialized (async)
[   27.678874] md: raid6 personality registered for level 6
[   27.729574] md: raid5 personality registered for level 5
[   27.730835] md: raid4 personality registered for level 4
[   27.740796] md: raid10 personality registered for level 10
done.
Begin: Running /scripts/init-premount ... done[   27.847611] Btrfs loaded
.
Begin: Mounting root file system ... Begin: Running /scripts/local-top ... done.
Begin: Running /scripts/local-premount ... Scanning for Btrfs filesystems
done.
Warning: fsck no[   27.910874] EXT4-fs (sda1): mounted filesystem with ordered data mode. Opts: (null)
t present, so skipping root file system
done.
Begin: Running /scripts/local-bottom ... done.
Begin: Running /scripts/init-bottom ... done.
[   20105syem1]:syem 2 running n st me.+P +DI+SINUX +IMA +APPARMOR +SMACK +SYSVINIT +UTMP +LIBCRYPTSETUP +GCRYPT +GNUTLS +ACL +XZ -LZ4 +SECCOMP +BLKID +ELFUTILS +KMODIDN)
[   28.839458] systemd[1]: Detected virtualization oracle.
[   28.840342] systemd[1]: Detected architecture x86.

Welcome to [1mUbuntu 16.04.6 LTS[0m!

[   .8825]ysmd]:etosamtoubntu>.
[   29.399171] systemd[1]: Initializing machine ID from random generator.
[   29.400312] systemd[1]: Installed transient /etc/machine-id file.
[   29.480981] random: nonblocking pool is initialized
[   29.669650] systemd[1]: Reached target Encrypted Volumes.
[[0;32m  OK  [0m] Reached target Encrypted Volumes.
[   29.671841] systemd[1]: Listening on udev Kernel Socket.
[[0;32m  OK  [0m] Listening on udev Kernel Socket.
[   29.673963] systemd[1]: Listening on Syslog Socket.
[[0;32m  OK  [0m] Listening on Syslog Socket.
[   29.676063] systemd[1]: Reached target Swap.
[[0;32m  OK  [0m] Reached target Swap.
[   29.678128] systemd[1]: Listening on LVM2 poll daemon socket.
[[0;32m  OK  [0m] Listening on LVM2 poll daemon socket.
[   29.680505] systemd[1]: Created slice System Slice.
[[0;32m  OK  [0m] Created slice System Slice.
[   29.684482] systemd[1]: Set up automount Arbitrary Executable File Formats File System Automount Point.
[[0;32m  OK  [0m] Set up automount Arbitrary Executab...ats File System Automount Point.
[   29.688236] systemd[1]: Created slice User and Session Slice.
[[0;32m  OK  [0m] Created slice User and Session Slice.
[   29.690487] systemd[1]: Listening on LVM2 metadata daemon socket.
[[0;32m  OK  [0m] Listening on LVM2 metadata daemon socket.
[ 290524] sytemd[]:ListinondeinctCoatily med Pipe

[[0;32m  OK  [0m] Listening on /dev/initctl Compatibility Named Pipe.
[ 30019]ysmd]:tartd Forar Password Requests to Wall Directory Watch.
[[0;32m  OK  [0m] Started Forward Password Requests to Wall Directory Watch.
[   .069 ste[1 Lsteninon Jrn Ske(/v/g)

[[0;32m  OK  [0m] Listening on Journal Socket (/dev/log).
[ 31.79277systemd[1]: Created slice system-serial\x2dgetty.slice.

[[0;32m  OK  [0m] Created slice system-serial\x2dgetty.slice.
[ 31646]systd[: stinon Joualud Ske
[[0;32m  OK  [0m] Listening on Journal Audit Socket.
[   .668 sstemd[1]: stni oDeceapr endaonIFs.
[[0;32m  OK  [0m] Listening on Device-mapper event daemon FIFOs.
[ 33611]ysmd]:eaed trgetse andro Ne oks. [[0;32m  OK  [0m] Reached target User and Group Name Lookups.
[ 34377]ysmd]:isnig on udeCotroloct. [[0;32m  OK  [0m] Listening on udev Control Socket.
[   .320 ste[1 Rch tge Slies.
[[0;32m  OK  [0m] Reached target Slices.
[   35.9237 ste[1 Rch target System Time Synchronized.

[[0;32m  OK  [0m] Reached target System Time Synchronized.
[ 36309053 ste[1 Srt Tgg rolonf da for nwod S.

[[0;32m  OK  [0m] Started Trigger resolvconf update for networkd DNS.
[ 37613] systemd[1]: Listnig on Joualoct.

[[0;32m  OK  [0m] Listening on Journal Socket.
[   37.613703] systemd[1]: Starting Monitoring of LVM2 mirrors, snapshots etc. using dmeventd or progress polling...
         Starting Monitoring of LVM2 mirrors... dmeventd or progress polling...
[   37.642291] systemd[1]: Starting Nameserver information manager...
         Starting Nameserver information manager...
[   37.645994] systemd[1]: Mounting Huge Pages File System...
         Mounting Huge Pages File System...
[   37.648462] systemd[1]: Mounting POSIX Message Queue File System...
         Mounting POSIX Message Queue File System...
[   37.755436] systemd[1]: Starting Set console keymap...
         Starting Set console keymap...
[   37.843027] systemd[1]: Starting Remount Root and Kernel File Systems...
[   37.845786] EXT4-fs (sda1): re-mounted. Opts: (null)
         Starting Remount Root and Kernel File Systems...
[   38.253781] systemd[1]: Starting Journal Service...
         Starting Journal Service...
[   38.405768] systemd[1]: Starting Load Kernel Modules...
         Starting Load Kernel Mo[   38.418351] Loading iSCSI transport class v2.0-870.
dules...
[   38.647526] iscsi: registered transport (tcp)
[   38.805653] systemd[1]: Starting Uncomplicated firewall...
         Starting Uncomplicated firewall...
[   38.995411] iscsi: registered transport (iser)
[   39.137803] systemd[1]: Mounting Debug File System...
         Mounting Debug File System...
[   39.373233] systemd[1]: Starting Create list of required static device nodes for the current kernel...
         Starting Create list of required st... nodes for the current kernel...
[ 39381]systmd1]: uned POSIX Message Queue File System.
[[0;32m  OK  [0m] Mounted POSIX Message Queue File System.
[ 40338] std[: Mountedebg File System.
[[0;32m  OK  [0m] Mounted Debug File System.
[ 40813]ysmd1]: Mounted Huge Pages Fie Systm.
[[0;32m  OK  [0m] Mounted Huge Pages File System.
[ 409738syem1]Stte Joual Serce
[[0;32m  OK  [0m] Started Journal Service.
[[0;32m  OK  [0m] Started Set console keymap.
[[0;32m  OK  [0m] Started Remount Root and Kernel File Systems.
[[0;32m  OK  [0m] Started Load Kernel Modules.
[[0;32m  OK  [0m] Started Uncomplicated firewall.
[[0;32m  OK  [0m] Started Create list of required sta...ce nodes for the current kernel.
[[0;32m  OK  [0m] Started Nameserver information manager.
[[0;32m  OK  [0m] Started LVM2 metadata daemon.
         Starting Create Static Device Nodes in /dev...
         Starting Apply Kernel Variables...
         Mounting FUSE Control File System...
         Starting Load/Save Random Seed...
         Starting udev Coldplug all Devices...
         Starting Flush Journal to Persistent Storage...
[[0;32m  OK  [0m] Mounted FUSE Control File System.
[[0;32m  OK  [0m] Started Create Static Device Nodes in /dev.
[[0;32m  OK  [0m] Started Apply Kernel Variables.
[[0;32m  OK  [0m] Started Load/Save Random Seed.
[[0;32m  OK  [0m] Started Monitoring of LVM2 mirrors,...ng dmeventd or progress polling.
[[0;32m  OK  [0m] Started udev Coldplug all Devices.
[[0;32m  OK  [0m] Started Flush Journal to Persistent Storage.
[[0;32m  OK  [0m] Reached target Local File Systems (Pre).
[[0;32m  OK  [0m] Reached target Local File Systems.
         Starting Initial cloud-init job (pre-networking)...
         Starting Set console font and keymap...
         Starting Commit a transient machine-id on disk...
         Starting Create Volatile Files and Directories...
         Starting Tell Plymouth To Write Out Runtime Data...
         Starting LSB: AppArmor initialization...
         Starting udev Kernel Device Manager...
[[0;32m  OK  [0m] Started Create Volatile Files and Directories.
[[0;32m  OK  [0m] Started Tell Plymouth To Write Out Runtime Data.
[[0;32m  OK  [0m] Started Commit a transient machine-id on disk.
[[0;32m  OK  [0m] Started udev Kernel Device Manager.
[[0;32m  OK  [0m] Started Dispatch Password Requests to Console Directory Watch.
         Starting Update UTMP about System Boot/Shutdown...
[[0;32m  OK  [0m] Started Update UTMP about System Boot/Shutdown.
[[0;32m  OK  [0m] Found device /dev/ttyS0.
[[0;32m  OK  [0m] Listening on Load/Save RF Kill Switch Status /dev/rfkill Watch.
[[0;32m  OK  [0m] Started LSB: AppArmor initialization.
[   32.338285] cloud-init[461]: Cloud-init v. 18.5-45-g3554ffe8-0ubuntu1~16.04.1 running 'init-local' at Thu, 02 May 2019 23:16:57 +0000. Up 32.00 seconds.
[[0;32m  OK  [0m] Started Set console font and keymap.
[[0;32m  OK  [0m] Started Initial cloud-init job (pre-networking).
[[0;32m  OK  [0m] Reached target Network (Pre).
[[0;32m  OK  [0m] Created slice system-getty.slice.
         Starting Raise network interfaces...
[[0;32m  OK  [0m] Started Raise network interfaces.
[[0;32m  OK  [0m] Reached target Network.
         Starting Initial cloud-init job (metadata service crawler)...
[   34.491160] cloud-init[931]: Cloud-init v. 18.5-45-g3554ffe8-0ubuntu1~16.04.1 running 'init' at Thu, 02 May 2019 23:16:58 +0000. Up 33.30 seconds.
[[0;32m  OK  [0m] Started Initial cloud-init job (metadata service crawler).
[[0;32m  OK  [0m] Reached target Cloud-config availability.
[[0;32m  OK  [0m] Reached target System Initialization.
[   34.607045] cloud-init[931]: ci-info: ++++++++++++++++++++++++++++++++++++++Net device info++++++++++++++++++++++++++++++++++++++
[   34.896364] [cloud-init[0;32m  OK  [0m[931]: ] ci-info: +--------+------+----------------------------+---------------+--------+-------------------+Started Daily Cleanup of Temporary Directories.

[   35.040323] [cloud-init[0;32m  OK  [0m[931]: ] ci-info: | Device |  Up  |          Address           |      Mask     | Scope  |     Hw-Address    |Listening on UUID daemon activation socket.

[   35.198856]          cloud-initStarting Socket activation for snappy daemon.[931]: 
ci-info: +--------+------+----------------------------+---------------+--------+-------------------+
[   35.328286] [cloud-init[0;32m  OK  [0m[931]: ] ci-info: | enp0s3 | True |         10.0.2.15          | 255.255.255.0 | global | 02:77:61:3d:13:fa |Started Daily apt download activities.

[[0;32m  OK  [0m] Started Daily apt upgrade and clean activities.
[[0;32m  OK  [0m] Reached target Timers.
[   35.328809] cloud-init[931]: ci-info: | enp0s3 | True | fe80::77:61ff:fe3d:13fa/64 |       .       |  link  | 02:77:61:3d:13:fa |
[   35.721143] [[0;32m  OK  [0m] Listening on ACPID Listen Socket.
cloud-init[931]: ci-info: |   lo   | True |         127.0.0.1          |   255.0.0.0   |  host  |         .         |
[   35.733574] [[0;32m  OK  [0m] Started ACPI Events Check.
[[0;32m  OK  [0m] Reached target Paths.
cloud-init[931]: ci-info: |   lo   | True |          ::1/128           |       .       |  host  |         .         |
[   35.896214]          cloud-initStarting LXD - unix socket.[931]: 
ci-info: +--------+------+----------------------------+---------------+--------+-------------------+
[   36.031276] [cloud-init[0;32m  OK  [0m[931]: ] ci-info: +++++++++++++++++++++++++++Route IPv4 info++++++++++++++++++++++++++++Listening on D-Bus System Message Bus Socket.

[[0;32m  OK  [0m] Reached target Network is Online.
[   36.031787] cloud-init[931]: ci-info: +-------+-------------+----------+---------------+-----------+-------+
[   36.320405]          cloud-initStarting iSCSI initiator daemon (iscsid)...[931]: 
ci-info: | Route | Destination | Gateway  |    Genmask    | Interface | Flags |
[   36.476395] [cloud-init[0;32m  OK  [0m[931]: ] ci-info: +-------+-------------+----------+---------------+-----------+-------+Listening on Socket activation for snappy daemon.

[   36.676757] [cloud-init[0;32m  OK  [0m[931]: ] ci-info: |   0   |   0.0.0.0   | 10.0.2.2 |    0.0.0.0    |   enp0s3  |   UG  |Listening on LXD - unix socket.

[   36.677230] cloud-init[931]: ci-info: |   1   |   10.0.2.0  | 0.0.0.0  | 255.255.255.0 |   enp0s3  |   U   |
[   36.789209] [[0;32m  OK  [0m] Reached target Sockets.
[[0;32m  OK  [0m] Reached target Basic System.
cloud-init[931]: ci-info: +-------+-------------+----------+---------------+-----------+-------+
[   36.798048] cloud-init[931]: ci-info: +++++++++++++++++++Route IPv6 info+++++++++++++++++++
[   36.800021] cloud-init[931]: ci-info: +-------+-------------+---------+-----------+-------+
[   36.801945] cloud-init[931]: ci-info: | Route | Destination | Gateway | Interface | Flags |
         Starting LXD - container startup/shutdown...
[   36.803839] cloud-init[[0;32m  OK  [0m] Started Deferred execution scheduler.
         Starting System Logging Service...
         Starting /etc/rc.local Compatibility...
[931]: ci-info: +-------+-------------+---------+-----------+-------+
         Starting Accounts Service...
[   36.838645] cloud-init[931]: ci-info: |   0   |  fe80::/64  |    ::   |   enp0s3  |   U   |
[   36.858913] cloud-init[931]: ci-info: |   3   |   ff00::/8  |    ::   |   enp0s3  |   U   |         Starting LSB: MD monitoring daemon...

[   36.861360] [[0;32m  OK  [0m] Started ACPI event daemon.
cloud-init[931]: ci-info: +-------+-------------+---------+-----------+-------+         Starting Pollinate to seed the pseudo random number generator...

         Starting Login Service...
[[0;32m  OK  [0m] Started D-Bus System Message Bus.
[   36.879024] cloud-init[931]: Generating public/private rsa key pair.
[   36.891716] cloud-init[931]: Your identification has been saved in /etc/ssh/ssh_host_rsa_key.
[   36.894026] cloud-init[931]: Your public key has been saved in /etc/ssh/ssh_host_rsa_key.pub.
[   36.895995] cloud-init[931]: The key fingerprint is:
[   36.899493] cloud-init[931]: SHA256:wY3mbeJqi5mRp/OfP8wlTF/3YzAZhYya5S3D+PHqa/I root@ubuntu-xenial
[   36.902523] cloud-init[931]: The key's randomart image is:
[   36.912356] cloud-init[931]: +---[RSA 2048]----+
[   36.913918] cloud-init[931]: |            o o. |
[   36.917093] cloud-init[931]: |       . o o +   |
[   36.920686] cloud-init[931]: |        = O . o  |
[   36.921648] cloud-init[931]: |       o *.* =. .|
[   36.922664] cloud-init[931]: |        So+.=.o..|
[   36.923702] cloud-init[931]: |     . . oo.o. o.|
[   36.930706] cloud-init[931]: |    o . .o o. . .|
[   36.932132] cloud-init[931]: |    .B.. o+o     |
[   36.934565] cloud-init[931]: |    =++oo.*E.    |
[   36.935679] cloud-init[931]: +----[SHA256]-----+
         Starting Virtualbox guest utils...
[   36.941350] cloud-init[931]: [[0;32m  OK  [0m] Started Regular background program processing daemon.
Generating public/private dsa key pair.
[   36.970063] [[0;32m  OK  [0m] Started FUSE filesystem for LXC.
         Starting LSB: Record successful boot for GRUB...
cloud-init[931]: Your identification has been saved in /etc/ssh/ssh_host_dsa_key.         Starting Snappy daemon...
[[0;32m  OK  [0m] Started System Logging Service.
[[0;32m  OK  [0m] Started iSCSI initiator daemon (iscsid).

[   36.981585] [cloud-init[0;32m  OK  [0m[931]: ] Your public key has been saved in /etc/ssh/ssh_host_dsa_key.pub.Started LXD - container startup/shutdown.

[   36.982050] cloud-init[[0;32m  OK  [0m] Started /etc/rc.local Compatibility.
[931]: The key fingerprint is:
[   37.015665] cloud-init[931]: SHA256:Hh+TrZ324vWvmrNm7M4Ct8zaJImz48lt06hTuZLyb7g root@ubuntu-xenial
[   37.031291] cloud-init[931]: The key's randomart image is:
[   37.033707] cloud-init[931]: +---[DSA 1024]----+
[   37.036961] cloud-init[931]: |                 |
[   37.038395] cloud-init[931]: |                 |
[   37.054835] cloud-init[931]: |                 |
[   37.056450] cloud-init[931]: |           o     |
[   37.084321] [[0;32m  OK  [0m] Started LSB: MD monitoring daemon.
cloud-init[931]: |        S.+ .    |
[   37.086223] cloud-init[931]: |       o++.= .   |
[   37.087472] cloud-init[931]: |      o++O+o+ .  |
[   37.089047] cloud-init[931]: |    ..*=*+*o*+ . |
[[0;32m  OK  [0m] Started Login Service.
[   37.104914] cloud-init[931]: |     +EX+o.BO=o.+|
[   37.122765] cloud-init[931]: [+----[SHA256]-----+[0;32m  OK  [0m
] Started Unattended Upgrades Shutdown.
[   37.123313]          cloud-initStarting Authenticate and Authorize Users to Run Privileged Tasks...[931]: 
Generating public/private ecdsa key pair.
[   37.166947]          Starting Login to default iSCSI targets...
cloud-init[931]: Your identification has been saved in /etc/ssh/ssh_host_ecdsa_key.
[   37.212635] [cloud-init[0;32m  OK  [0m[931]: ] Your public key has been saved in /etc/ssh/ssh_host_ecdsa_key.pub.Started Snappy daemon.

[[0;32m  OK  [0m] Started Virtualbox guest utils.
[[0;32m  OK  [0m] Started LSB: Record successful boot for GRUB.
[   37.213011] cloud-init[931]: The key fingerprint is:
[[0;32m  OK  [0m] Started Authenticate and Authorize Users to Run Privileged Tasks.
[   37.252010] cloud-init[931]: SHA256:ZiEl/eL6zPe2Bu11xV/mSa2kDaIPxJHzPIg+htz0w4c root@ubuntu-xenial[[0;32m  OK  [0m] Started Accounts Service.

[   37.256008] cloud-init[931]: The key's randomart image is:
[   37.284341] cloud-init[931]: +---[ECDSA 256]---+
[   37.285597] cloud-init[931]: |      ....       |
[   37.286677] cloud-init[931]: |       o=        |
[   37.287615] cloud-init[931]: |      .o.B     ..|
[   37.319985] cloud-init[931]: |      o.=.* . ..*|
[   37.320544] cloud-init[931]: |   . = =S+ + =.+=|
[[0;32m  OK  [0m] Started Login to default iSCSI targets.
[   37.320672] cloud-init[931]: |    o =oE o o +.+|
[   37.362561] cloud-init[931]: |     . o = o . . |
[   37.364873] cloud-init[931]: |      .o  o +    |
[   37.365874] cloud-init[931]: |       .+. +o.   |
[   37.366788] cloud-init[931]: +----[SHA256]-----+
[   37.367712] cloud-init[931]: Generating public/private ed25519 key pair.
[   37.388310] cloud-init[931]: Your identification has been saved in /etc/ssh/ssh_host_ed25519_key.
[   37.388664] cloud-init[931]: Your public key has been saved in /etc/ssh/ssh_host_ed25519_key.pub.
[   37.388840] cloud-init[931]: The key fingerprint is:
[   37.389016] cloud-init[931]: SHA256:B9Waou2ZTRmlfCw4MmGnsthPNiWxMd8XeoSqh8cedw8 root@ubuntu-xenial
[   37.389192] cloud-init[931]: The key's randomart image is:
[   37.389551] cloud-init[931]: +--[ED25519 256]--+
[   37.389728] cloud-init[931]: |          .o     |
[   37.390089] cloud-init[931]: |      * ... =    |
[   37.390262] cloud-init[931]: |     . X.= O .   |
[   37.390447] cloud-init[931]: |    . * B.X =    |
[   37.390634] cloud-init[931]: |   o o @So.B     |
[   37.390852] cloud-init[931]: |  . o B *.+ E    |
[   37.391078] cloud-init[931]: |     + * B . o   |
[   37.391280] cloud-init[931]: |      . = .   .  |
[[0;32m  OK  [0m] Reached target Remote File Systems (Pre).
[[   37.392039] cloud-init[931]: |                 |
[   37.416634] cloud-init[931]: +----[SHA256]-----+
[0;32m  OK  [0m] Reached target Remote File Systems.
         Starting Permit User Sessions...
         Starting LSB: automatic crash report generation...
         Starting LSB: Set the CPU Frequency Scaling governor to "ondemand"...
         Starting LSB: daemon to balance interrupts for SMP systems...
         Starting Wait until snapd is fully seeded...
[[0;32m  OK  [0m] Started Pollinate to seed the pseudo random number generator.
[[0;32m  OK  [0m] Started Permit User Sessions.
[[0;32m  OK  [0m] Started LSB: Set the CPU Frequency Scaling governor to "ondemand".
[[0;32m  OK  [0m] Started LSB: automatic crash report generation.
         Starting Terminate Plymouth Boot Screen...
         Starting Hold until boot process finishes up...
         Starting OpenBSD Secure Shell server...
[[0;32m  OK  [0m] Started LSB: daemon to balance interrupts for SMP systems.
[[0;32m  OK  [0m] Started Terminate Plymouth Boot Screen.
[[0;32m  OK  [0m] Started Hold until boot process finishes up.
[[0;32m  OK  [0m] Started OpenBSD Secure Shell server.
[[0;32m  OK  [0m] Started Serial Getty on ttyS0.
[[0;32m  OK  [0m] Started Getty on tty1.
[[0;32m  OK  [0m] Reached target Login Prompts.
         Starting Set console scheme...
[[0;32m  OK  [0m] Started Set console scheme.
[[0;32m  OK  [0m] Started Wait until snapd is fully seeded.
[[0;32m  OK  [0m] Reached target Multi-User System.
[[0;32m  OK  [0m] Reached target Graphical Interface.
         Starting Update UTMP about System Runlevel Changes...
         Starting Apply the settings specified in cloud-config...
[[0;32m  OK  [0m] Started Update UTMP about System Runlevel Changes.
[   39.080504] cloud-init[1266]: Generating locales (this might take a while)...
[   39.697873] cloud-init[1266]:   en_US.UTF-8... done
[   39.718932] cloud-init[1266]: Generation complete.
[   39.944377] cloud-init[1266]: Cloud-init v. 18.5-45-g3554ffe8-0ubuntu1~16.04.1 running 'modules:config' at Thu, 02 May 2019 23:17:04 +0000. Up 38.98 seconds.
[[0;32m  OK  [0m] Started Apply the settings specified in cloud-config.
         Starting Execute cloud user/final scripts...
[[0;32m  OK  [0m] Created slice User Slice of vagrant.
         Starting User Manager for UID 1000...
[[0;32m  OK  [0m] Started User Manager for UID 1000.
[[0;32m  OK  [0m] Started Session 1 of user vagrant.
ci-info: no authorized ssh keys fingerprints found for user ubuntu.
<14>May  2 23:17:05 ec2: 
<14>May  2 23:17:05 ec2: #############################################################
<14>May  2 23:17:05 ec2: -----BEGIN SSH HOST KEY FINGERPRINTS-----
<14>May  2 23:17:05 ec2: 1024 SHA256:Hh+TrZ324vWvmrNm7M4Ct8zaJImz48lt06hTuZLyb7g root@ubuntu-xenial (DSA)
<14>May  2 23:17:05 ec2: 256 SHA256:ZiEl/eL6zPe2Bu11xV/mSa2kDaIPxJHzPIg+htz0w4c root@ubuntu-xenial (ECDSA)
<14>May  2 23:17:05 ec2: 256 SHA256:B9Waou2ZTRmlfCw4MmGnsthPNiWxMd8XeoSqh8cedw8 root@ubuntu-xenial (ED25519)
<14>May  2 23:17:05 ec2: 2048 SHA256:wY3mbeJqi5mRp/OfP8wlTF/3YzAZhYya5S3D+PHqa/I root@ubuntu-xenial (RSA)
<14>May  2 23:17:05 ec2: -----END SSH HOST KEY FINGERPRINTS-----
<14>May  2 23:17:05 ec2: #############################################################
-----BEGIN SSH HOST KEY KEYS-----
ecdsa-sha2-nistp256 AAAAE2VjZHNhLXNoYTItbmlzdHAyNTYAAAAIbmlzdHAyNTYAAABBBJ+kGpwA7fSkOmvJtcR9zrBL4F1wOTr2Tw6g2c8RiBm8Rt8PAh0i3AbWOcXV1So/ByZ7ruw1cLDfb3REE/grDpQ= root@ubuntu-xenial
ssh-ed25519 AAAAC3NzaC1lZDI1NTE5AAAAIInI6uyqYcM80voRZyyRqOaK7lY1MikxRBqaTOj7PHp1 root@ubuntu-xenial
ssh-rsa AAAAB3NzaC1yc2EAAAADAQABAAABAQDXTJtMXMcpEzdLicZL0ks2y+sbSDTZxOiVJz3/9njY54k+kzYnYscAQgXetes4+STUYlg+ixY9weeRmPoe22rDaFA7ONMXi8TKahUPw6voYpCm71mvKgVp1zskEgDgfWvAK/n/tzBtmRM+GDcUhyagg5QTDFlIZI/otHFXg4vgVa7asSceIsf5R6c/3OCooNjmj2a/SgLehF82sYfmn1bRGusdZWSEu7yNA3DewZtwPgHPQuvCKYzRP8SFlAsTNOivoALB4WjLEnI0JHRTDI0umQ3EyseNxxw9N1AGo854yE8NQ9zpWBdx57qu7jdbXrRZ1SsnrUPYEAprT/uaubYX root@ubuntu-xenial
-----END SSH HOST KEY KEYS-----
[   40.497283] cloud-init[1308]: Cloud-init v. 18.5-45-g3554ffe8-0ubuntu1~16.04.1 running 'modules:final' at Thu, 02 May 2019 23:17:05 +0000. Up 40.28 seconds.
[   40.543624] cloud-init[1308]: ci-info: no authorized ssh keys fingerprints found for user ubuntu.
[[0;32m  OK  [0m] Started Execute cloud user/final scripts.
[   40.545277] cloud-init[1308]: Cloud-init v. 18.5-45-g3554ffe8-0ubuntu1~16.04.1 finished at Thu, 02 May 2019 23:17:06 +0000. Datasource DataSourceNoCloud [seed=/dev/sdb][dsmode=net].  Up 40.49 seconds
[[0;32m  OK  [0m] Reached target Cloud-init target.

Ubuntu 16.04.6 LTS ubuntu-xenial ttyS0

ubuntu-xenial login: 