[   .000000] Initializing cgroup bsys cpust    0000] itlizi coup bs cpu[   0.00] Intiizng cousubs cacct[   0.0000] Linux version 4.4.0-145-generic (buildd@lcy01-amd64-023) (gcc version 5.4.0 20160609 (Ubuntu 5.4.0-6ubuntu1~16.04.10) ) #171-Ubuntu SMP Tue Mar 26 12:44:29 UTC 2019 (Ubuntu 4.4.0-145.171-generic 4.4.176)
[    0.000000] KERNEL supported cpus:
[    0.000000]   Intel GenuineIntel
[    0.000000]   AMD AuthenticAMD
[    0.000000]   NSC Geode by NSC
[    0.0000] Cyrix Cixstea
[  0.0000  CenauCetaurau
    0000]  Tnsmeta GenuineTMx86
[    0.000000]   Transmeta TransmetaCPU
[    0.000000]   UMC UMC UMC UMC
[    0.000000] x86/fpu: xstate_offset[2]:  576, xstate_sizes[2]:  256
[    0.000000] x86/fpu: Supporting XSAVE feature 0x01: '87 floating point registers'
[    0.000000] x86/fpu: Supporting XSAVE feature 0x02: 'SSE registers'
[    0.000000] x86/fpu: Supporting XSAVE feature 0x04: 'AVX registers'
[    0.000000] x86/fpu: Enabled xstate features 0x7 context size is 832 bytes, using 'standard' format.
[    0.000000] e820: BIOS-provided physical RAM map:
[    0.000000] BIOS-e820: [mem 0x0000000000000000-0x000000000009fbff] usable
[    0.000000] BIOS-e820: [mem 0x000000000009fc00-0x000000000009ffff] reserved
[    0.000000] BIOS-e820: [mem 0x00000000000f0000-0x00000000000fffff] reserved
[    0.000000] BIOS-e820: [mem 0x0000000000100000-0x000000003ffeffff] usable
[    0.000000] BIOS-e820: [mem 0x000000003fff0000-0x000000003fffffff] ACPI data
[    0.000000] BIOS-e820: [mem 0x00000000fec00000-0x00000000fec00fff] reserved
[    0.000000] BIOS-e820: [mem 0x00000000fee00000-0x00000000fee00fff] reserved
[    0.000000] BIOS-e820: [mem 0x00000000fffc0000-0x00000000ffffffff] reserved
[    0.000000] NX (Execute Disable) protection: active
[    0.000000] SMBIOS 2.5 present.
[    0.000000] Hypervisor detected: KVM
[    0.000000] e820: last_pfn = 0x3fff0 max_arch_pfn = 0x1000000
[    0.000000] MTRR: Disabled
[    0.000000] x86/PAT: MTRRs disabled, skipping PAT initialization too.
[    0.000000] CPU MTRRs all blank - virtualized system.
[    0.000000] x86/PAT: Configuration [0-]: WB  WT  UC- UC  WB  WT  UC- UC  
[    0.000000] found SMP MP-table at [mem 0x0009fff0-0x0009ffff] mapped at [c009fff0]
[    0.000000] Scanning 1 areas for low memorycoupion[    0.000000] RAMDISK: [mem 0x363c0000-0x371d7fff]
[    0.000000] PI: rltablchksumericatn sabl
   0.000 ACP RP 0x0000000E00 0024v0VBOX)[   .0000]CP XSD0x00003F00030 00003C (v01 VBOX   VBOXXSDT 00000001 ASL  00000061)
[    0.000000ACPI: FP 0x00003F00 0004 04 VX VBOXFACP 00000001 ASL  00000061)
[    0.00000] ACPI: DSDT 0x000000003FFF0470 0021FF (v02 VBOX   VBOXBIOS 00000002 INTL 20100528)
[    0.000000] ACPI: FACS 0x000000003FFF0200 000040
[    0.000000] ACPI: FACS 0x000000003FFF0200 000040
[    0.000000] ACPI: APIC 0x000000003FFF0240 00005C (v02 VBOX   VBOXAPIC 00000001 ASL  00000061)
[    0.000000] ACPI: SSDT 0x000000003FFF02A0 0001CC (v01 VBOX   VBOXCPUT 00000002 INTL 20100528)
[    0.000000] 131MB HIGHMEM available.
[    0.000000] 891MB LOWMEM available.
[    0.000000]   mapped low ram: 0 - 37bfe000
[    0.000000]   low ram: 0 - 37bfe000
[    0.000000] kvm-clock: Using msrs 4b564d01 and 4b564d00
[    0.000000] kvm-clock: cpu 0, msr 0:37bfd001, primary cpu clock
[    0.000000] kvm-clock: using sched offset of 3149675192 cycles
[    0.000000] clocksource: kvm-clock: mask: 0xffffffffffffffff max_cycles: 0x1cd42e4dffb, max_idle_ns: 881590591483 ns
[    0.000000] Zone ranges:
[    0.000000]   DMA      [m x00000000001000-0x0000000000ffffff]
[    0.000000]   Normal   [mem 0x0000000001000000-0x0000000037bfdfff]
[    0.000000]   HighMem  [mem 0x0000000037bfe000-0x000000003fffff
[   00000]ovble netartorach od
[    0.000000] Early memoy no rge
[  00000  ode 0:mem 00000000001000-0x000000000009efff]
[    0.000000]   node   0: [mem 0x0000000000100000-0x000000003ffeffff]
[    0.000000] Initmem setup node 0 [mem 0x0000000000001000-0x000000003ffeffff]
[    0.000000] Using APIC driver default
[    0.000000] ACPI: PM-Timer IO Port: 0x4008
[    0.000000] IOAPIC[0]: apic_id 2, version 32, address 0xfec00000, GSI 0-23
[    0.000000] ACPI: INT_SRC_OVR (bus 0 s_irq 0 global_irq 2 dfl dfl)
[    0.000000] ACPI: INT_SRC_OVR (bus 0 bus_irq 9 global_irq 9 low level)
[    0.000000] Using ACPI (MADT) for SMP configuration information
[    0.000000] smpboot: Allowing 2 CPUs, 0 hotplug CPUs
[    0.000000] PM: Registered nosave memory: [mem 0x00000000-0x00000fff]
[    0.000000] PM: Registered nosave memory: [mem 0x0009f000-0x0009ffff]
[    0.000000] PM: Registered nosave memory: [mem 0x000a0000-0x000effff]
[    0.000000] PM: Registered nosave memory: [mem 0x000f0000-0x000fffff]
[    0.000000] e820: [mem 0x40000000-0xfebfffff] available for PCI devices
[    0.000000] Booting paravirtualiz kerl  KVM
[    0.000000] clocksource: refined-jiffies: mask: 0xffffffff max_cycles: 0xffffffff, max_idle_ns: 7645519600211568 ns
[    0.000000] setup_percpu: NR_CPUS:8 nr_cpumask_bits:8 nr_cpu_ids:2 nr_node_ids:1
[    0.000000] PERCPU: Embedded 19 pages/cpu @f6398000 s47308 r0 d30516 u77824
[    0.000000] Built 1 zonelists in Zone order, mobility grouping on.  Total pages: 259800
[    0.000000] Kernel command line: BOOT_IMAGE=/boot/vmlinuz-4.4.0-145-generic root=LABEL=cloudimg-rootfs ro console=tty1 console=ttyS0
[    0.000000] PID hash table entries: 4096 (order: 2, 16384 bytes)
[    0.000000] Dentry cache hash table entries: 131072 (order: 7, 524288 bytes)
[    0.000000] Inode-cache hash table entries: 65536 (order: 6, 262144 bytes)
[    0.000000] Initializing CPU#0
[    0.000000] Initializing HighMem for node 0 (00037bfe:0003fff0)
[    0.000000] Initializing Movable for node 0 (00000000:00000000)
[    0.000000] Memory: 1008340K/1048120K available (8098K kernel code, 792K rwdata, 3184K rodata, 932K init, 784K bss, 39780K reserved, 0K cma-reserved, 135112K highmem)
[    0.000000] virtual kernel memory layout:
[    0.000000]     fixmap  : 0xfff15000 - 0xfffff000   ( 936 kB)
[    0.000000]     pkmap   : 0xffc00000 - 0xffe00000   (2048 kB)
[    0.000000]     vmalloc : 0xf83fe000 - 0xffbfe000   ( 120 MB)
[    0.000000]     lowmem  : 0xc0000000 - 0xf7bfe000   ( 891 MB)
[    0.000000]       .init : 0xc1bcf000 - 0xc1cb8000   ( 932 kB)
[    0.000000]       .data : 0xc17e8dc8 - 0xc1bcd100   (3984 kB)
[    0.000000]       .text : 0xc1000000 - 0xc17e8dc8   (8099 kB)
[    0.000000] Checking if this processor honours the WP bit even in supervisor mode...Ok.
[    0.000000] SLUB: HWalign=64, Order=0-3, MinObjects=0, CPUs=2, Nodes=1
[    0.000000] Hierarchical RCU implementation.
[    0.000000] 	Build-time adjustment of leaf fanout  32.
[    0.000000] 	RCU restricting CPUs from NR_CPUS=8 to nr_cpu_ids=2.
[    0.000000] RCU: Adjusting geometry for rcu_fanout_leaf=32, nr_cpu_ids=2
[    0.000000] NR_IRQS:2304 nr_irqs:440 16
[    0.000000] Console: colour VGA+ 80x25
[    0.000000] console [tty1] enabled
[    0.000000] console [ttyS0] enabled
[    0.000000] allocated 1048576 bytes of page_ext
[    0.000000] tsc: Detected 3191.998 MHz processor
[    3.316284] Calibrating delay loop (skipped) preset value.. 6383.99 BogoMIPS (lpj=12767992)
[    3.331358] pid_max: default: 32768 minimum: 301
[    3.332033] ACPI: Core revision 20150930
[    3.333419] ACPI: 2 ACPI AML tables successfully acquired and loaded
[    3.334394] Security Framework initialized
[    3.334995] Yama: becoming mindful.
[    3.335543] AppArmor: AppArmor initialized
[    3.336314] Mount-cache hash table entries: 2048 (order: 1, 8192 bytes)
[    3.337223] Mountpoint-cache hash table entries: 2048 (order: 1, 8192 bytes)
[    3.338249] Initializing cgroup subsys io
[    3.338899] Initializing cgroup subsys memory
[    3.339557] Initializing cgroup subsys devices
[    3.340207] Initializing cgroup subsys freezer
[    3.340903] Initializing cgroup subsys net_cls
[    3.341630] Initializing cgroup subsys perf_event
[    3.342351] Initializing cgroup subsys net_prio
[    3.342998] Initializing cgroup subsys hugetlb
[    3.343637] Initializing cgroup subsys pids
[    3.346117] mce: CPU supports 0 MCE banks
[    3.353368] Last level iTLB entries: 4KB 128, 2MB 8, 4MB 8
[    3.354144] Last level dTLB entries: 4KB 64, 2MB 0, 4MB 0, 1GB 4
[    3.355010] Spectre V2 : Mitigation: Full generic retpoline
[    3.385379] Spectre V2 : Spectre v2 / SpectreRSB mitigation: Filling RSB on context switch
[    3.469256] Speculative Store Bypass: Vulnerable
[    3.472751] Freeing SMP alternatives memory: 36K
[    3.509463] ftrace: allocating 31556 entries in 62 pages
[    3.560147] smpboot: APIC(0) Converting physical 0 to logical package 0
[    3.575125] smpboot: Max logical packages: 1
[    3.575790] Enabling APIC mode:  Flat.  Using 1 I/O APICs
[    3.587899] ..TIMER: vector=0x30 apic1=0 pin1=2 apic2=-1 pin2=-1
[    3.696444] smpboot: CPU0: Intel(R) Core(TM) i5-6500 CPU @ 3.20GHz (family: 0x6, model: 0x5e, stepping: 0x3)
[    3.881135] Performance Events: unsupported p6 CPU model 94 no PMU driver, software events only.
[    3.888481] KVM setup paravirtual spinlock
[    3.889865] x86: Booting SMP configuration:
[    3.890534] .... node  #0, CPUs:      #1
[1266874886.559876] Initializing CPU#1
[    3.985847] kvm-clock: cpu 1, msr 0:37bfd041, secondary cpu clock
[    4.173534] mce: CPU supports 0 MCE banks
[    4.215554] x86: Booted up 1 node, 2 CPUs
[    4.238800] smpboot: Total of 2 processors activated (12767.99 BogoMIPS)
[    4.240322] devtmpfs: initialized
[    4.241067] evm: security.selinux
[    4.241599] evm: security.SMACK64
[    4.242155] evm: security.SMACK64EXEC
[    4.242724] evm: security.SMACK64TRANSMUTE
[    4.243353] evm: security.SMACK64MMAP
[    4.243952] evm: security.ima
[    4.244506] evm: security.capability
[    4.245431] clocksource: jiffies: mask: 0xffffffff max_cycles: 0xffffffff, max_idle_ns: 7645041785100000 ns
[    4.246877] futex hash table entries: 512 (order: 3, 32768 bytes)
[    4.248090] pinctrl core: initialized pinctrl subsystem
[    4.249021] RTC time: 23:25:25, date: 04/18/19
[    4.249854] NET: Registered protocol family 16
[    4.250614] EISA bus registered
[    4.261811] cpuidle: using governor ladder
[    4.275255] cpuidle: using governor menu
[    4.328070] PCCT header not found.
[    4.329083] ACPI: bus type PCI registered
[    4.329917] acpiphp: ACPI Hot Plug PCI Controller Driver version: 0.5
[    4.331431] PCI : PCI BIOS area is rw and x. Use pci=nobios if you want it NX.
[    4.332735] PCI: PCI BIOS revision 2.10 entry at 0xfda26, last bus=0
[    4.333993] PCI: Using configuration type 1 for base access
[    4.347672] ACPI: Added _OSI(Module Device)
[    4.348582] ACPI: Added _OSI(Processor Device)
[    4.349410] ACPI: Added _OSI(3.0 _SCP Extensions)
[    4.353219] ACPI: Added _OSI(Processor Aggregator Device)
[    4.354786] ACPI: Executed 1 blocks of module-level executable AML code
[    4.358053] ACPI: Interpreter enabled
[    4.358937] ACPI: (supports S0 S5)
[    4.359680] ACPI: Using IOAPIC for interrupt routing
[    4.374014] PCI: Using host bridge windows from ACPI; if necessary, use "pci=nocrs" and report a bug
[    4.378344] ACPI: PCI Root Bridge [PCI0] (domain 0000 [bus 00-ff])
[    4.445005] acpi PNP0A03:00: _OSC: OS supports [ASPM ClockPM Segments MSI]
[    4.525487] acpi PNP0A03:00: _OSC: not requesting OS control; OS requires [ExtendedConfig ASPM ClockPM MSI]
[    4.661803] acpi PNP0A03:00: fail to add MMCONFIG information, can't access extended PCI configuration space under this bridge.
[    4.663700] PCI host bridge to bus 0000:00
[    4.664375] pci_bus 0000:00: root bus resource [io  0x0000-0x0cf7 window]
[    4.684896] pci_bus 0000:00: root bus resource [io  0x0d00-0xffff window]
[    4.685816] pci_bus 0000:00: root bus resource [mem 0x000a0000-0x000bffff window]
[    4.686942] pci_bus 0000:00: root bus resource [mem 0x40000000-0xfdffffff window]
[    4.688037] pci_bus 0000:00: root bus resource [bus 00-ff]
[    4.696908] pci 0000:00:01.1: legacy IDE quirk: reg 0x10: [io  0x01f0-0x01f7]
[    4.697841] pci 0000:00:01.1: legacy IDE quirk: reg 0x14: [io  0x03f6]
[    4.698717] pci 0000:00:01.1: legacy IDE quirk: reg 0x18: [io  0x0170-0x0177]
[    4.699640] pci 0000:00:01.1: legacy IDE quirk: reg 0x1c: [io  0x0376]
[    4.711517] pci 0000:00:07.0: quirk: [io  0x4000-0x403f] claimed by PIIX4 ACPI
[    4.775221] pci 0000:00:07.0: quirk: [io  0x4100-0x410f] claimed by PIIX4 SMB
[    4.834711] ACPI: PCI Interrupt Link [LNKA] (IRQs 5 9 10 *11)
[    4.986411] ACPI: PCI Interrupt Link [LNKB] (IRQs 5 9 *10 11)
[    4.987687] ACPI: PCI Interrupt Link [LNKC] (IRQs 5 *9 10 11)
[    4.988932] ACPI: PCI Interrupt Link [LNKD] (IRQs 5 9 10 *11)
[    4.990126] ACPI: Enabled 2 GPEs in block 00 to 07
[    4.991116] vgaarb: setting as boot device: PCI:0000:00:02.0
[    5.004104] vgaarb: device added: PCI:0000:00:02.0,decodes=io+mem,owns=io+mem,locks=none
[    5.005329] vgaarb: loaded
[    5.005848] vgaarb: bridge control possible 0000:00:02.0
[    5.006793] SCSI subsystem initialized
[    5.007582] ACPI: bus type USB registered
[    5.028458] usbcore: registered new interface driver usbfs
[    5.076609] usbcore: registered new interface driver hub
[    5.186219] usbcore: registered new device driver usb
[    5.212430] PCI: Using ACPI for IRQ routing
[    5.324821] NetLabel: Initializing
[    5.405027] NetLabel:  domain hash size = 128
[    5.414237] NetLabel:  protocols = UNLABELED CIPSOv4
[    5.415087] NetLabel:  unlabeled traffic allowed by default
[    5.416358] amd_nb: Cannot enumerate AMD northbridges
[    5.494454] clocksource: Switched to clocksource kvm-clock
[    5.536462] AppArmor: AppArmor Filesystem Enabled
[    5.537315] pnp: PnP ACPI init
[    5.538572] pnp: PnP ACPI: found 3 devices
[    5.539215] PnPBIOS: Disabled by ACPI PNP
[    5.580574] clocksource: acpi_pm: mask: 0xffffff max_cycles: 0xffffff, max_idle_ns: 2085701024 ns
[    5.582046] NET: Registered protocol family 2
[    5.582912]TCesblhehash table entries: 8192 (order: 3, 32768 bytes)
[    5.798271] TCP bindhashab eri: 92orr:, 53bys)[  6.385104] TCP: Hash tables configured (established 8192 bind 8192)
[    6.454070] UDP hash table entries: 512 (order: 2, 16384 bytes)
[    6.455346] UDP-Lite hash table entries: 512 (order: 2, 16384 bytes)
[    6.456576] NET: Registered protocol family 1
[    6.457790] pci 0000:00:00.0: Limiting direct PCI/PCI transfers
[    6.458959] pci 0000:00:01.0: Activating ISA DMA hang workarounds
[    6.460212] Unpacking initramfs...

[    6.697464] Freeing initrd memory: 14432K
[    6.738221] platform rtc_cmos: registered platform RTC device (no PNP device found)
[    6.789546] Scanning for low memory corruption every 60 seconds
[    6.790879] audit: initializing netlink subsys (disabled)
[    6.811208] audit: type=2000 audit(1555629927.827:1): initialized
[    6.812262] Initialise system trusted keyring
[    6.813302] HugeTLB registered 2 MB page size, pre-allocated 0 pages
[    6.856771] zbud: loaded
[    6.857414] VFS: Disk quotas dquot_6.6.0
[    6.884334] VFS: Dquot-cache hash table entries: 1024 (order 0, 4096 bytes)
[    6.885400] squashfs: version 4.0 (2009/01/31) Phillip Lougher
[    6.886592] fuse init (API version 7.23)
[    6.991314] Key type big_key registered
[    7.123623] Allocating IMA MOK and blacklist keyrings.
[    7.297402] Key type asymmetric registered
[    7.339518] Asymmetric key parser 'x509' registered
[    7.340216] bounce: pool size: 64 pages
[    7.434657] Block layer SCSI generic (bsg) driver version 0.4 loaded (major 249)
[    7.535471] io scheduler noop registered
[    7.539808] io scheduler deadline registered (default)
[    7.540613] io scheduler cfq registered
[    7.541473] pci_hotplug: PCI Hot Plug PCI Core version: 0.5
[    7.542413] pciehp: PCI Express Hot Plug Controller Driver version: 0.4
[    7.551865] ACPI: AC Adapter [AC] (on-line)
[    7.552558] input: Power Button as /devices/LNXSYSTM:00/LNXPWRBN:00/input/input0
[    7.553736] ACPI: Power Button [PWRF]
[    7.621516] input: Sleep Button as /devices/LNXSYSTM:00/LNXSLPBN:00/input/input1
[    7.622806] ACPI: Sleep Button [SLPF]
[    7.623633] GHES: HEST is not enabled!
[    7.649970] isapnp: Scanning for PnP cards...
[    7.681535] Serial: 8250/16550 driver, 32 ports, IRQ sharing enabled
[    7.792710] tsc: Refined TSC clocksource calibration: 3190.468 MHz
[    7.900664] clocksource: tsc: mask: 0xffffffffffffffff max_cycles: 0x2dfd1da48e7, max_idle_ns: 440795344676 ns
[    8.010141] 00:02: ttyS0 at I/O 0x3f8 (irq = 4, base_baud = 115200) is a 16550A
[    8.031872] isapnp: No Plug & Play device found
[    8.174833] Linux agpgart interface v0.103
[    8.181086] loop: module loaded
[    8.266061] scsi host0: ata_piix
[   .320 si st a_pii

[   .7696]ta1: PATA max UDMA/33 cmd 0x1f0 ctl 0x3f6 bmdma 0xd000 irq 14
[    8.889483] ata2: PATA max UDMA/33 cmd 0x170 ctl 0x376 bmdma 0xd008 irq 15

[    8.890647] libphy: Fixed MDIO Bus: probed
[    8.891662] tun: Universal TUN/TAP device driver, 1.6
[    8.892479] tun: (C) 1999-2004 Max Krasnyansky <maxk@qualcomm.com>
[    8.893598] PPP generic driver version 2.4.2
[    8.894577] ehci_hcd: USB 2.0 'Enhanced' Host Controller (EHCI) Driver
[    8.895504] ehci-pci: EHCI PCI platform driver
[    8.896172] ehci-platform: EHCI generic platform driver
[    8.896948] ohci_hcd: USB 1.1 'Open' Host Controller (OHCI) Driver
[    8.897955] ohci-pci: OHCI PCI platform driver
[    8.898668] ohci-platform: OHCI generic platform driver
[    8.899565] uhci_hcd: USB Universal Host Controller Interface driver
[    8.900512] i8042: PNP: PS/2 Controller [PNP0303:PS2K,PNP0f03:PS2M] at 0x60,0x64 irq 1,12
[    8.902331] serio: i8042 KBD port at 0x60,0x64 irq 1
[    8.903182] serio: i8042 AUX port at 0x60,0x64 irq 12
[    8.904332] mousedev: PS/2 mouse device common for all mice
[    8.906077] rtc_cmos rtc_cmos: rtc core: registered rtc_cmos as rtc0
[    8.907212] input: AT Translated Set 2 keyboard as /devices/platform/i8042/serio0/input/input2
[    8.908584] rtc_cmos rtc_cmos: alarms up to one day, 114 bytes nvram
[    8.909523] i2c /dev entries driver
[    8.910253] device-mapper: uevent: version 1.0.3
[    8.925001] device-mapper: ioctl: 4.34.0-ioctl (2015-10-28) initialised: dm-devel@redhat.com
[    8.928392] platform eisa.0: Probing EISA bus 0
[    8.929033] platform eisa.0: EISA: Cannot allocate resource for mainboard
[    8.932244] platform eisa.0: Cannot allocate resource for EISA slot 1
[    8.933114] platform eisa.0: Cannot allocate resource for EISA slot 2
[    8.934081] platform eisa.0: Cannot allocate resource for EISA slot 3
[    8.935290] platform eisa.0: Cannot allocate resource for EISA slot 4
[    8.936119] platform eisa.0: Cannot allocate resource for EISA slot 5
[    8.937052] platform eisa.0: Cannot allocate resource for EISA slot 6
[    8.937877] platform eisa.0: Cannot allocate resource for EISA slot 7
[    9.015073] platform eisa.0: Cannot allocate resource for EISA slot 8
[    9.091944] platform eisa.0: EISA: Detected 0 cards
[    9.092752] cpufreq-nforce2: No nForce2 chipset.
[    9.093472] ledtrig-cpu: registered to indicate activity on CPUs
[    9.094686] NET: Registered protocol family 10
[    9.095613] NET: Registered protocol family 17
[    9.143124] Key type dns_resolver registered
[    9.144067] Using IPI No-Shortcut mode
[    9.264035] registered taskstats version 1
[    9.333980] Loading compiled-in X.509 certificates
[    9.64] ad X.5 ct uid time toneted rn k: e0aa82ce5130ba24d96e45'
[   10.427592] zswap: loaded using pool lzo/zbud
[   10.503694] Key type trusted registered
[   10.507345] Key type encrypted registered
[   10.508097] AppArmor: AppArmor sha1 policy hashing enabled
[   10.510978] ima: No TPM chip found, activating TPM-bypass!
[   10.511774] ima: Allocated hash algorithm: sha1
[   10.512514] evm: HMAC attrs: 0x1
[   10.513378]   Magic number: 15:156:454
[   10.514125] rtc_cmos rtc_cmos: setting system clock to 2019-04-18 23:25:31 UTC (1555629931)
[   10.522618] BIOS EDD facility v0.16 2004-Jun-25, 0 devices found
[   10.578339] EDD information not available.
[   10.599087] Freeing unused kernel memory: 932K
[   10.615319] Write protecting the kernel text: 8100k
[   10.616160] Write protecting the kernel read-only data: 3192k
[   10.617014] NX-protecting the kernel data: 6236k
Loading, please wait...
starting version 229
[   10.630003] random: systemd-udevd: uninitialized urandom read (16 bytes read, 0 bits of entropy available)
[   10.630499] random: udevadm: uninitialized urandom read (16 bytes read, 0 bits of entropy available)
[   10.632972] random: systemd-udevd: uninitialized urandom read (16 bytes read, 0 bits of entropy available)
[   10.634369] random: systemd-udevd: uninitialized urandom read (16 bytes read, 0 bits of entropy available)
[   10.637740] random: systemd-udevd: uninitialized urandom read (16 bytes read, 0 bits of entropy available)
[   10.639319] random: udevadm: uninitialized urandom read (16 bytes read, 0 bits of entropy available)
[   10.640829] random: udevadm: uninitialized urandom read (16 bytes read, 0 bits of entropy available)
[   10.642765] random: udevadm: uninitialized urandom read (16 bytes read, 0 bits of entropy available)
[   10.652655] random: udevadm: uninitialized urandom read (16 bytes read, 0 bits of entropy available)
[   10.746199] random: udevadm: uninitialized urandom read (16 bytes read, 0 bits of entropy available)
[   10.797163] e1000: Intel(R) PRO/1000 Network Driver - version 7.3.21-k8-NAPI
[   10.798287] e1000: Copyright (c) 1999-2006 Intel Corporation.
[   10.822415] Fusion MPT base driver 3.04.20
[   10.823146] Copyright (c) 1999-2008 LSI Corporation
[   10.834843] Fusion MPT SPI Host driver 3.04.20
[   11.041183] input: ImExPS/2 Generic Explorer Mouse as /devices/platform/i8042/serio1/input/input4
[   11.289575] e1000 0000:00:03.0 eth0: (PCI:33MHz:32-bit) 02:2c:3a:b6:14:6d
[   11.508660] e1000 0000:00:03.0 eth0: Intel(R) PRO/1000 Network Connection
[   11.600920] e1000 0000:00:03.0 enp0s3: renamed from eth0
[   11.601784] mptbase: ioc0: Initiating bringup
[   11.667456] ioc0: LSI53C1030 A0: Capabilities={Initiator}
[   12.683953] scsi host2: ioc0: LSI53C1030 A0, FwRev=00000000h, Ports=1, MaxQ=256, IRQ=20
[   13.359713] scsi 2:0:0:0: Direct-Access     VBOX     HARDDISK         1.0  PQ: 0 ANSI: 5
[   13.611983] scsi target2:0:0: Beginning Domain Validation
[   13.775109] scsi target2:0:0: Domain Validation skipping write tests
[   14.155955] scsi target2:0:0: Ending Domain Validation
[   14.173072] scsi target2:0:0: asynchronous
[   14.174960] scsi 2:0:1:0: Direct-Access     VBOX     HARDDISK         1.0  PQ: 0 ANSI: 5
[   14.184025] scsi target2:0:1: Beginning Domain Validation
[   14.187829] scsi target2:0:1: Domain Validation skipping write tests
[   14.188942] scsi target2:0:1: Ending Domain Validation
[   14.444813] scsi target2:0:1: asynchronous
[   15.076636] sd 2:0:0:0: Attached scsi generic sg0 type 0
[   15.076760] sd 2:0:0:0: [sda] 20971520 512-byte logical blocks: (10.7 GB/10.0 GiB)
[   15.077061] sd 2:0:0:0: [sda] Write Protect is off
[   15.077218] sd 2:0:0:0: [sda] Incomplete mode parameter data
[   15.077219] sd 2:0:0:0: [sda] Assuming drive cache: write through
[   15.086243]  sda: sda1
[   15.087214] sd 2:0:0:0: [sda] Attached SCSI disk
[   15.601225] sd 2:0:1:0: Attached scsi generic sg1 type 0
[   15.601486] sd 2:0:1:0: [sdb] 20480 512-byte logical blocks: (10.5 MB/10.0 MiB)
[   15.601817] sd 2:0:1:0: [sdb] Write Protect is off
[   15.602041] sd 2:0:1:0: [sdb] Incomplete mode parameter data
[   15.602042] sd 2:0:1:0: [sdb] Assuming drive cache: write through
[   15.604477] sd 2:0:1:0: [sdb] Attached SCSI disk
Begin: Loading e[   16.886006] md: linear personality registered for level -1
ssential drivers ... [   16.980253] md: multipath personality registered for level -4
[   17.047977] md: raid0 personality registered for level 0
[   17.124628] md: raid1 personality registered for level 1
[   17.258594] raid6: mmxx1    gen()  6774 MB/s
[   17.426805] raid6: mmxx2    gen()  6886 MB/s
[   17.594531] raid6: sse1x1   gen()  6025 MB/s
[   17.750516] raid6: sse1x2   gen()  6946 MB/s
[   17.943189] raid6: sse2x1   gen() 12250 MB/s
[   18.130642] raid6: sse2x1   xor()  7918 MB/s
[   18.282559] raid6: sse2x2   gen() 14726 MB/s
[   18.438514] raid6: sse2x2   xor() 10265 MB/s
[   18.622939] raid6: avx2x1   gen() 24432 MB/s
[   18.774606] raid6: avx2x2   gen() 26763 MB/s
[   18.872160] raid6: using algorithm avx2x2 gen() 26763 MB/s
[   18.872998] raid6: using avx2x1 recovery algorithm
[   18.876462] xor: automatically using best checksumming function:
[   19.055080]    avx       : 30841.000 MB/sec
[   19.124144] async_tx: api initialized (async)
[   19.142544] md: raid6 personality registered for level 6
[   19.143548] md: raid5 personality registered for level 5
[   19.144388] md: raid4 personality registered for level 4
[   19.152866] md: raid10 personality registered for level 10
done.
Begin: Running /scripts/init-premount ... done.
Begin: Mounting root file system ... Begin: Running /scripts/local-top ... done.
Begin: Running /scripts/local-premount ... [   19.195335] Btrfs loaded
Scanning for Btrfs filesystems
done.
Warning: fsck no[   19.253143] EXT4-fs (sda1): mounted filesystem with ordered data mode. Opts: (null)
t present, so skipping root file system
done.
Begin: Running /scripts/local-bottom ... done.
Begin: Running /scripts/init-bottom ... done.
[   19.595205sytemd]: stemd 229 running in system mode. (+PAM +AUDIT +SELINUX +IMA +APPARMOR +SMACK +SYSVINIT +UTMP +LIBCRYPTSETUP +GCRYPT NUTL+A + -Z4 +SEOM+BIDELTILS +KMOD -IDN)

[   20.260389] systemd[1]: Detected virtualization oracle.
[   20.267368] systemd[1]: Detected architecture x86.

Welcome to [1mUbuntu 16.04.6 LTS[0m!

[   20.283354] systemd[1]: Set hostname to <ubuntu>.
[   20.288745] systemd[1]: Initializing machine ID from random generator.
[   20.289717] systemd[1]: Installed transient /etc/machine-id file.
[   20.407887] systemd[1]: Started Trigger resolvconf update for networkd DNS.
[[0;32m  OK  [0m] Started Trigger resolvconf update for networkd DNS.
[   20.410715] systemd[1]: Listening on Journal Socket.
[[0;32m  OK  [0m] Listening on Journal Socket.
[   20.414783] systemd[1]: Listening on /dev/initctl Compatibility Named Pipe.
[[0;32m  OK  [0m] Listening on /dev/initctl Compatibility Named Pipe.
[   20.417452] systemd[1]: Listening on udev Kernel Socket.
[[0;32m  OK  [0m] Listening on udev Kernel Socket.
[   20.419431] systemd[1]: Reached target User and Group Name Lookups.
[[0;32m  OK  [0m] Reached target User and Group Name Lookups.
[   20.421641] systemd[1]: Listening on Journal Socket (/dev/log).
[[0;32m  OK  [0m] Listening on Journal Socket (/dev/log).
[   20.424025] systemd[1]: Created slice System Slice.
[[0;32m  OK  [0m] Created slice System Slice.
[   20.438681] systemd[1]: Mounting Huge Pages File System...
         Mounting Huge Pages File System...
[   20.687745] systemd[1]: Starting Create list of required static device nodes for the current kernel...
[   20.697455] random: nonblocking pool is initialized
         Starting Create list of required st... nodes for the current kernel...
[   21.115236] systemd[1]: Mounting Debug File System...
         Mounting Debug File System...
[   21.126823] systemd[1]: Starting Load Kernel Modules...
         Starting Load Kernel Modules...
[   21.129035] systemd[1]: Starting Nameserver information manager...
         Starting Nameserver information manager...
[   21.131781] systemd[1]: Starting Uncomplicated firewall...
         Starting Uncomplicated firewall...
[   21.135941] systemd[1]: Created slice system-serial\x2dgetty.slice.
[   21.140525] Loading iSCSI transport class v2.0-870.
[[0;32m  OK  [0m] Created slice system-serial\x2dgetty.slice.
[   21.148742] systemd[1]: Starting Remount Root and Kernel File Systems...
         Starting Remount Root and Kernel File Systems...
[   21.150962] systemd[1]: Reached target Encrypted Volumes.
[   21.151978] EXT4-fs (sda1): re-mounted. Opts: (null)
[[0;32m  OK  [0m] Reached target Encrypted Volumes.
[   21.153481] systemd[1]: Listening on Syslog Socket.
[[0;32m  OK  [0m] Listening on Syslog Socket.
[   21.155477] systemd[1]: Created slice User and Session Slice.
[[0;32m  OK  [0m] Created slice User and Session Slice.
[   21.157562] systemd[1]: Reached target Slices.
[[0;32m  OK  [0m[   21.161081] iscsi: registered transport (tcp)
] Reached target Slices.
[   21.162727] systemd[1]: Listening on LVM2 poll daemon socket.
[[0;32m  OK  [0m] Listening on LVM2 poll daemon socket.
[   21.322742] systemd[1]: Mounting POSIX Message Queue File System...
         Mounting POSIX Message [   21.351979] iscsi: registered transport (iser)
Queue File System...
[   21.495400] systemd[1]: Starting Set console keymap...
         Starting Set console keymap...
[   21.675074] systemd[1]: Reached target System Time Synchronized.
[[0;32m  OK  [0m] Reached target System Time Synchronized.
[ 211484] stmd[1: stinonDevi-mpp entaen FO
[[0;32m  OK  [0m] Listening on Device-mapper event daemon FIFOs.
[   22.685644] systemd[1]: Listening on LVM2 metadata daemon socket.
[[0;32m  OK  [0m] Listening on LVM2 metadata daemon socket.
[   22.699384] systemd[1]: Starting Monitoring of LVM2 mirrors, snapshots etc. using dmeventd or progress polling...
         Starting Monitoring of LVM2 mirrors... dmeventd or progress polling...
[   22.788922] systemd[1]: Reached target Swap.
[[0;32m  OK  [0m] Reached target Swap.
[   22.797919] systemd[1]: Set up automount Arbitrary Executable File Formats File System Automount Point.
[[0;32m  OK  [0m] Set up automount Arbitrary Executab...ats File System Automount Point.
[   22.801572] systemd[1]: Started Forward Password Requests to Wall Directory Watch.
[[0;32m  OK  [0m] Started Forward Password Requests to Wall Directory Watch.
[   22.804275] systemd[1]: Listening on Journal Audit Socket.
[[0;32m  OK  [0m] Listening on Journal Audit Socket.
[   22.806566] systemd[1]: Starting Journal Service...
         Starting Journal Service...
[   22.809984] systemd[1]: Listening on udev Control Socket.
[[0;32m  OK  [0m] Listening on udev Control Socket.
[   22.818640] systemd[1]: Mounted POSIX Message Queue File System.
[[0;32m  OK  [0m] Mounted POSIX Message Queue File System.
[   22.842454] systemd[1]: Mounted Huge Pages File System.
[[0;32m  OK  [0m] Mounted Huge Pages File System.
[   22.858601] systemd[1]: Mounted Debug File System.
[[0;32m  OK  [0m] Mounted Debug File System.
[   22.860446] systemd[1]: Started Journal Service.
[[0;32m  OK  [0m] Started Journal Service.
[[0;32m  OK  [0m] Started Create list of required sta...ce nodes for the current kernel.
[[0;32m  OK  [0m] Started Load Kernel Modules.
[[0;32m  OK  [0m] Started Uncomplicated firewall.
[[0;32m  OK  [0m] Started Remount Root and Kernel File Systems.
[[0;32m  OK  [0m] Started Set console keymap.
[[0;32m  OK  [0m] Started Nameserver information manager.
[[0;32m  OK  [0m] Started LVM2 metadata daemon.
         Starting Load/Save Random Seed...
         Starting udev Coldplug all Devices...
         Mounting FUSE Control File System...
         Starting Apply Kernel Variables...
         Starting Create Static Device Nodes in /dev...
         Starting Flush Journal to Persistent Storage...
[[0;32m  OK  [0m] Mounted FUSE Control File System.
[[0;32m  OK  [0m] Started Monitoring of LVM2 mirrors,...ng dmeventd or progress polling.
[[0;32m  OK  [0m] Started Load/Save Random Seed.
[[0;32m  OK  [0m] Started Apply Kernel Variables.
[[0;32m  OK  [0m] Started Create Static Device Nodes in /dev.
[[0;32m  OK  [0m] Started udev Coldplug all Devices.
         Starting udev Kernel Device Manager...
[[0;32m  OK  [0m] Reached target Local File Systems (Pre).
[[0;32m  OK  [0m] Reached target Local File Systems.
         Starting Tell Plymouth To Write Out Runtime Data...
         Starting Commit a transient machine-id on disk...
         Starting LSB: AppArmor initialization...
         Starting Set console font and keymap...
         Starting Initial cloud-init job (pre-networking)...
[[0;32m  OK  [0m] Started udev Kernel Device Manager.
[[0;32m  OK  [0m] Started Flush Journal to Persistent Storage.
[[0;32m  OK  [0m] Started Tell Plymouth To Write Out Runtime Data.
[[0;32m  OK  [0m] Started Commit a transient machine-id on disk.
[[0;32m  OK  [0m] Found device /dev/ttyS0.
[[0;32m  OK  [0m] Listening on Load/Save RF Kill Switch Status /dev/rfkill Watch.
         Starting Create Volatile Files and Directories...
[[0;32m  OK  [0m] Started Dispatch Password Requests to Console Directory Watch.
[   20.295618] [[0;32m  OK  [0m] Started Create Volatile Files and Directories.
[[0;32m  OK  [0m] Started LSB: AppArmor initialization.
cloud-init[515]: Cloud-init v. 18.5-45-g3554ffe8-0ubuntu1~16.04.1 running 'init-local' at Thu, 18 Apr 2019 23:25:45 +0000. Up 19.95 seconds.
         Starting Update UTMP about System Boot/Shutdown...
[[0;32m  OK  [0m] Started Set console font and keymap.
[[0;32m  OK  [0m] Started Initial cloud-init job (pre-networking).
[[0;32m  OK  [0m] Started Update UTMP about System Boot/Shutdown.
[[0;32m  OK  [0m] Reached target Network (Pre).
         Starting Raise network interfaces...
[[0;32m  OK  [0m] Created slice system-getty.slice.
[[0;32m  OK  [0m] Started Raise network interfaces.
[[0;32m  OK  [0m] Reached target Network.
         Starting Initial cloud-init job (metadata service crawler)...
[   21.967476] cloud-init[933]: Cloud-init v. 18.5-45-g3554ffe8-0ubuntu1~16.04.1 running 'init' at Thu, 18 Apr 2019 23:25:47 +0000. Up 21.34 seconds.
[   22.061175] cloud-init[933]: ci-info: ++++++++++++++++++++++++++++++++++++++Net device info++++++++++++++++++++++++++++++++++++++
[   22.158052] cloud-init[933]: ci-info: +--------+------+----------------------------+---------------+--------+-------------------+
[   22.292538] cloud-init[933]: ci-info: | Device |  Up  |          Address           |      Mask     | Scope  |     Hw-Address    |
[[0;32m  OK  [0m] Started Initial cloud-init job (metadata service crawler).
[[0;32m  OK  [0m] Reached target Network is Online.
[   22.399399] cloud-init[933]: ci-info: +--------+------+----------------------------+---------------+--------+-------------------+
[   22.505506]          cloud-initStarting iSCSI initiator daemon (iscsid)...[933]: 
ci-info: | enp0s3 | True |         10.0.2.15          | 255.255.255.0 | global | 02:2c:3a:b6:14:6d |
[   22.511691] [[0;32m  OK  [0m] Reached target Cloud-config availability.
[[0;32m  OK  [0m] Reached target System Initialization.
cloud-init[933]: ci-info: | enp0s3 | True | fe80::2c:3aff:feb6:146d/64 |       .       |  link  | 02:2c:3a:b6:14:6d |
[   22.519274] [cloud-init[0;32m  OK  [0m[933]: ] ci-info: |   lo   | True |         127.0.0.1          |   255.0.0.0   |  host  |         .         |Started Daily Cleanup of Temporary Directories.

[   22.753986] cloud-init[933]: ci-info: |   lo   | True |          ::1/128           |       .       |  host  |         .         |
[   22.756142] cloud-init[933]: ci-info: +--------+------+----------------------------+---------------+--------+-------------------+
[   22.756357] cloud-init[933]: ci-info: +++++++++++++++++++++++++++Route IPv4 info++++++++++++++++++++++++++++
[   22.756635] cloud-init[933]: ci-info: +-------+-------------+----------+---------------+-----------+-------+
[   22.756788] cloud-init[933]: ci-info: | Route | Destination | Gateway  |    Genmask    | Interface | Flags |
[   22.756943] cloud-init[933]: ci-info: +-------+-------------+----------+---------------+-----------+-------+
[   22.757083] cloud-init[933]: ci-info: |   0   |   0.0.0.0   | 10.0.2.2 |    0.0.0.0    |   enp0s3  |   UG  |
[   22.757376] cloud-init[933]: ci-info: |   1   |   10.0.2.0  | 0.0.0.0  | 255.255.255.0 |   enp0s3  |   U   |
[   22.757660] cloud-init[933]: ci-info: +-------+-------------+----------+---------------+-----------+-------+
[   22.757785] cloud-init[933]: ci-info: +++++++++++++++++++Route IPv6 info+++++++++++++++++++
[   22.757919] cloud-init[933]: ci-info: +-------+-------------+---------+-----------+-------+
[   22.758050] cloud-init[933]: ci-info: | Route | Destination | Gateway | Interface | Flags |
[   22.758290] cloud-init[933]: ci-info: +-------+-------------+---------+-----------+-------+
[[0;32m  OK  [0m] Listening on ACPID Listen Socket.
[   22.758425] cloud-init[933]: ci-info: |   0   |  fe80::/64  |    ::   |   enp0s3  |   U   |
[   23.161382] cloud-init[933]: ci-info: |   3   |   ff00::/8  |    ::   |   enp0s3  |   U   |
[[0;32m  OK  [0m] Listening on UUID daemon activation socket.
[   23.161594] cloud-init[933]: ci-info: +-------+-------------+---------+-----------+-------+
[[   23.405174] cloud-init[933]: Generating public/private rsa key pair.
[   23.405407] cloud-init[933]: Your identification has been saved in /etc/ssh/ssh_host_rsa_key.
[0;32m  OK  [0m] Started ACPI Events Check.
[[   23.405815] cloud-init[933]: Your public key has been saved in /etc/ssh/ssh_host_rsa_key.pub.
[   23.591503] cloud-init[933]: The key fingerprint is:
[0;32m  OK  [0m] Reached target Paths.
[   23.591805] cloud-init[933]: SHA256:duRmYYyISNTylzO4VbNVKI8VwfdTEIlUkNUgz/dG11U root@ubuntu-xenial
[   23.800675] cloud-init[933]: The key's randomart image is:
[   23.800882] cloud-init[933]: +---[RSA 2048]----+
[   23.801206] cloud-init[933]: | .o.     .o*=***E|
[   23.801386] cloud-init[933]: | ..... .+o= ++. =|
[   23.801528] cloud-init[933]: |  .o...o.O=. .o.=|
[   23.801664] cloud-init[933]: |    o * o+..  ooo|
         Starting LXD - unix socket.
[   23.802016] cloud-init[933]: |     + oS =    .o|
[   24.009021] cloud-init[933]: |    .  . +     . |
[   24.009378] cloud-init[933]: |                 |
[   24.009700] cloud-init[933]: |                 |
[   24.009907] cloud-init[933]: |                 |
         Starting Socket activation for snappy daemon.
[[   24.010097] cloud-init[933]: +----[SHA256]-----+
[   24.161584] cloud-init[933]: Generating public/private dsa key pair.
[0;32m  OK  [0m] Listening on D-Bus System Message Bus Socket.
[[   24.161879] cloud-init[933]: Your identification has been saved in /etc/ssh/ssh_host_dsa_key.
[   24.251559] cloud-init[933]: Your public key has been saved in /etc/ssh/ssh_host_dsa_key.pub.
[0;32m  OK  [0m] Started Daily apt download activities.
[   24.251725] cloud-init[933]: The key fingerprint is:
[   24.397293] cloud-init[933]: SHA256:Dr6Lw6KgB+k5o3zoEqjuovg85mryxW3ZvfieTMHEfWI root@ubuntu-xenial
[[0;32m  OK  [0m] Started Daily apt upgrade and clean activities.
[   24.398043] cloud-init[933]: The key's randomart image is:
[   24.480978] cloud-init[933]: +---[DSA 1024]----+
[   24.481184] cloud-init[933]: |                 |
[   24.481378] cloud-init[933]: |         . .     |
[   24.481530] cloud-init[933]: |          o E .  |
[   24.481740] cloud-init[933]: |         o . o   |
[[0;32m  OK  [0m] Reached target Timers.
[   24.481943] cloud-init[933]: |..    . S o      |
[   24.550247] cloud-init[933]: |=  . o = . .     |
[   24.550485] cloud-init[933]: |+oo.o = o o      |
[[0;32m  OK  [0m] Listening on LXD - unix socket.
[   24.550897] cloud-init[933]: |XO=ooo . + o     |
[   24.745450] cloud-init[933]: |^&Oo..o..o*      |
[[0;32m  OK  [0m] Listening on Socket activation for snappy daemon.
[[   24.745592] cloud-init[933]: +----[SHA256]-----+
[   24.866521] cloud-init[933]: Generating public/private ecdsa key pair.
[   24.866723] cloud-init[933]: Your identification has been saved in /etc/ssh/ssh_host_ecdsa_key.
[0;32m  OK  [0m] Started iSCSI initiator daemon (iscsid).
[   24.866881] cloud-init[933]: Your public key has been saved in /etc/ssh/ssh_host_ecdsa_key.pub.
[   25.006366] cloud-init[933]: The key fingerprint is:
[   25.006616] cloud-init[933]: SHA256:6GwdU0MSBJ0mH+p1zpzqbXkLaVSsp9/G70Hv8FcwO5I root@ubuntu-xenial
         Starting Login to default iSCSI targets...
[   25.006879] cloud-init[933]: The key's randomart image is:
[   25.015198] cloud-init[933]: +---[ECDSA 256]---+
[   25.015377] cloud-init[933]: |      .++o.      |
[   25.015573] cloud-init[933]: |      . =o .     |
[   25.015747] cloud-init[933]: |       = .o o    |
[   25.015905] cloud-init[933]: |      ..o..+  o  |
[   25.016250] cloud-init[933]: |     ...S=o... = |
[   25.016450] cloud-init[933]: |     o.. +=+E + o|
[   25.016637] cloud-init[933]: |      + ..=. o.oo|
[   25.016897] cloud-init[933]: |     .  .ooo..o+o|
[   25.017082] cloud-init[933]: |       .....oo.o*|
[   25.017245] cloud-init[933]: +----[SHA256]-----+
[   25.017502] cloud-init[933]: Generating public/private ed25519 key pair.
[   25.017688] cloud-init[933]: Your identification has been saved in /etc/ssh/ssh_host_ed25519_key.
[   25.018030] cloud-init[933]: Your public key has been saved in /etc/ssh/ssh_host_ed25519_key.pub.
[   25.018162] cloud-init[933]: The key fingerprint is:
[   25.018308] cloud-init[933]: SHA256:ycr4wyS5jIzMDr/UBzAprBI04fpAtmGosKaK9p9ubC0 root@ubuntu-xenial
[   25.018432] cloud-init[933]: The key's randomart image is:
[   25.018587] cloud-init[933]: +--[ED25519 256]--+
[   25.018750] cloud-init[933]: | +.              |
[   25.019017] cloud-init[933]: |= ..             |
[   25.019179] cloud-init[933]: |=B+              |
[   25.019403] cloud-init[933]: |O+oo   . .       |
[   25.019631] cloud-init[933]: |Bo  ..  S        |
[   25.019790] cloud-init[933]: |+o .o+..         |
[   25.019963] cloud-init[933]: |=ooo+==          |
[   25.020273] cloud-init[933]: |=*o oE+.         |
[   25.020608] cloud-init[933]: |=.+o=+o.         |
[   25.020664] cloud-init[933]: +----[SHA256]-----+
[[0;32m  OK  [0m] Reached target Sockets.
[[0;32m  OK  [0m] Reached target Basic System.
[[0;32m  OK  [0m] Started Regular background program processing daemon.
[[0;32m  OK  [0m] Started D-Bus System Message Bus.
         Starting Snappy daemon...
         Starting /etc/rc.local Compatibility...
[[0;32m  OK  [0m] Started FUSE filesystem for LXC.
         Starting Pollinate to seed the pseudo random number generator...
         Starting Accounts Service...
         Starting Virtualbox guest utils...
[[0;32m  OK  [0m] Started Deferred execution scheduler.
         Starting Login Service...
         Starting LSB: Record successful boot for GRUB...
[[0;32m  OK  [0m] Started Unattended Upgrades Shutdown.
[[0;32m  OK  [0m] Started ACPI event daemon.
         Starting LSB: MD monitoring daemon...
         Starting System Logging Service...
         Starting LXD - container startup/shutdown...
[[0;32m  OK  [0m] Started /etc/rc.local Compatibility.
[[0;32m  OK  [0m] Started System Logging Service.
[[0;32m  OK  [0m] Started Login to default iSCSI targets.
[[0;32m  OK  [0m] Started Snappy daemon.
[[0;32m  OK  [0m] Started LSB: Record successful boot for GRUB.
[[0;32m  OK  [0m] Started LSB: MD monitoring daemon.
[[0;32m  OK  [0m] Started LXD - container startup/shutdown.
[[0;32m  OK  [0m] Started Virtualbox guest utils.
[[0;32m  OK  [0m] Started Login Service.
         Starting Authenticate and Authorize Users to Run Privileged Tasks...
         Starting Wait until snapd is fully seeded...
[[0;32m  OK  [0m] Reached target Remote File Systems (Pre).
[[0;32m  OK  [0m] Reached target Remote File Systems.
         Starting Permit User Sessions...
         Starting LSB: automatic crash report generation...
         Starting LSB: daemon to balance interrupts for SMP systems...
         Starting LSB: Set the CPU Frequency Scaling governor to "ondemand"...
[[0;32m  OK  [0m] Started Permit User Sessions.
[[0;32m  OK  [0m] Started Authenticate and Authorize Users to Run Privileged Tasks.
[[0;32m  OK  [0m] Started Accounts Service.
[[0;32m  OK  [0m] Started LSB: automatic crash report generation.
[[0;32m  OK  [0m] Started LSB: Set the CPU Frequency Scaling governor to "ondemand".
         Starting Terminate Plymouth Boot Screen...
         Starting Hold until boot process finishes up...
[[0;32m  OK  [0m] Started LSB: daemon to balance interrupts for SMP systems.
[[0;32m  OK  [0m] Started Hold until boot process finishes up.
[[0;32m  OK  [0m] Started Terminate Plymouth Boot Screen.
         Starting Set console scheme...
[[0;32m  OK  [0m] Started Getty on tty1.
[[0;32m  OK  [0m] Started Serial Getty on ttyS0.
[[0;32m  OK  [0m] Reached target Login Prompts.
[[0;32m  OK  [0m] Started Pollinate to seed the pseudo random number generator.
[[0;32m  OK  [0m] Started Set console scheme.
         Starting OpenBSD Secure Shell server...
[[0;32m  OK  [0m] Started OpenBSD Secure Shell server.
[[0;32m  OK  [0m] Started Wait until snapd is fully seeded.
[[0;32m  OK  [0m] Reached target Multi-User System.
[[0;32m  OK  [0m] Reached target Graphical Interface.
         Starting Update UTMP about System Runlevel Changes...
         Starting Apply the settings specified in cloud-config...
[[0;32m  OK  [0m] Started Update UTMP about System Runlevel Changes.
[   27.627787] cloud-init[1265]: Generating locales (this might take a while)...
[[0;32m  OK  [0m] Created slice User Slice of vagrant.
         Starting User Manager for UID 1000...
[[0;32m  OK  [0m] Started Session 1 of user vagrant.
[[0;32m  OK  [0m] Started User Manager for UID 1000.
[   28.404428] cloud-init[1265]:   en_US.UTF-8... done
[   28.409938] cloud-init[1265]: Generation complete.
[   28.679343] cloud-init[1265]: Cloud-init v. 18.5-45-g3554ffe8-0ubuntu1~16.04.1 running 'modules:config' at Thu, 18 Apr 2019 23:25:53 +0000. Up 27.53 seconds.
[[0;32m  OK  [0m] Started Apply the settings specified in cloud-config.
         Starting Execute cloud user/final scripts...
ci-info: no authorized ssh keys fingerprints found for user ubuntu.
<14>Apr 18 23:25:55 ec2: 
<14>Apr 18 23:25:55 ec2: #############################################################
<14>Apr 18 23:25:55 ec2: -----BEGIN SSH HOST KEY FINGERPRINTS-----
<14>Apr 18 23:25:55 ec2: 1024 SHA256:Dr6Lw6KgB+k5o3zoEqjuovg85mryxW3ZvfieTMHEfWI root@ubuntu-xenial (DSA)
<14>Apr 18 23:25:55 ec2: 256 SHA256:6GwdU0MSBJ0mH+p1zpzqbXkLaVSsp9/G70Hv8FcwO5I root@ubuntu-xenial (ECDSA)
<14>Apr 18 23:25:55 ec2: 256 SHA256:ycr4wyS5jIzMDr/UBzAprBI04fpAtmGosKaK9p9ubC0 root@ubuntu-xenial (ED25519)
<14>Apr 18 23:25:55 ec2: 2048 SHA256:duRmYYyISNTylzO4VbNVKI8VwfdTEIlUkNUgz/dG11U root@ubuntu-xenial (RSA)
<14>Apr 18 23:25:55 ec2: -----END SSH HOST KEY FINGERPRINTS-----
<14>Apr 18 23:25:55 ec2: #############################################################
-----BEGIN SSH HOST KEY KEYS-----
ecdsa-sha2-nistp256 AAAAE2VjZHNhLXNoYTItbmlzdHAyNTYAAAAIbmlzdHAyNTYAAABBBEpPBypHquqKUub8sF8Dw40pbMA37/1ezyJ8LJ3d1dAgu/gtRhAt3LBe9N9WP+JKH/WiwnrPj5BGZnvG5oTzpYw= root@ubuntu-xenial
ssh-ed25519 AAAAC3NzaC1lZDI1NTE5AAAAIBO2aKvBHvkOg0/8YaXES8OjuA3GNvxDIldio4f5INM4 root@ubuntu-xenial
ssh-rsa AAAAB3NzaC1yc2EAAAADAQABAAABAQDAWQ5cbu5kfdtlhg3NnCazZRKQht/rEcUyZloXD3iCjgR5pSfVqmkIzVuwClGK/SlIlG1iwOw1af2PxDqdoilzGBrVeMC+Mwjgn0jzb492EB58tS1kEyQ8XqKHuFql/9c9NpkKHz1fkzPKPpAT+F+lS3a3xbkt+mZs1LDVS1BDAWg4XatAFNbHe55qetvMg6ajPS2AHm45JurlPVRD8lAXSgXFoi688gXVuyVTp6Laq3k/Yb3P+Z9XhTPIUMtojOVrl8X8af/KJWeegjL4iNYQi4rMquJZbyd+Hntb5lcs5+PwGo8XUt0lrvBH8aOeW60U2D145Sb7uU6sLYqZM5lJ root@ubuntu-xenial
-----END SSH HOST KEY KEYS-----
[   30.044554] cloud-init[1407]: Cloud-init v. 18.5-45-g3554ffe8-0ubuntu1~16.04.1 running 'modules:final' at Thu, 18 Apr 2019 23:25:54 +0000. Up 29.01 seconds.
[[0;32m  OK  [0m] Started Execute cloud user/final scripts.
[   30.232934] cloud-init[1407]: ci-info: no authorized ssh keys fingerprints found for user ubuntu.
[   30.444904] [cloud-init[0;32m  OK  [0m[1407]: ] Cloud-init v. 18.5-45-g3554ffe8-0ubuntu1~16.04.1 finished at Thu, 18 Apr 2019 23:25:55 +0000. Datasource DataSourceNoCloud [seed=/dev/sdb][dsmode=net].  Up 30.03 secondsReached target Cloud-init target.


Ubuntu 16.04.6 LTS ubuntu-xenial ttyS0

ubuntu-xenial login: 