[    0.000000] Initializing cgroup subsys cpuset
[    0.000000] Initializing cgroup subsys cpu
[    0.000000] Initializing cgroup subsys cpuacct
[    0.000000] Linux version 4.4.0-146-generic (buildd@lgw01-amd64-035) (gcc version 5.4.0 20160609 (Ubuntu 5.4.0-6ubuntu1~16.04.10) ) #172-Ubuntu SMP Wed Apr 3 08:59:42 UTC 2019 (Ubuntu 4.4.0-146.172-generic 4.4.177)
[    0.000000] KERNEL supported cpus:
[    0.000000]   Intel GenuineIntel
[    0.000000]   AMD AuthenticAMD
[    0.000000]   NSC Geode by NSC
[    0.000000]   Cyrix CyrixInstead
[    0.000000]   Centaur CentaurHauls
[    0.000000]   Transmeta GenuineTMx86
[    0.000000]   Transmeta TransmetaCPU
[    0.000000]   UMC UMC UMC UMC
[    0.000000] x86/fpu: xstate_offset[2]:  576, xstate_sizes[2]:  256
[    0.000000] x86/fpu: Supporting XSAVE feature 0x01: 'x87 floating point registers'
[    0.000000] x86/fpu: Supporting XSAVE feature 0x02: 'SSE registers'
[    0.000000] x86/fpu: Supporting XSAVE feature 0x04: 'AVX registers'
[    0.000000] x86/fpu: Enabled xstate features 0x7, context size is 832 bytes, using 'standard' format.
[    0.000000] e820: BIOS-provided physical RAM map:
[    0.000000] BIOS-e820: [mem 0x0000000000000000-0x000000000009fbff] usable
[    0.000000] BIOS-e820: [mem 0x000000000009fc00-0x000000000009ffff] reserved
[    0.000000] BIOS-e820: [mem 0x00000000000f0000-0x00000000000fffff] reserved
[    0.000000] BIOS-e820: [mem 0x0000000000100000-0x000000003ffeffff] usable
[    0.000000] BIOS-e820: [mem 0x000000003fff0000-0x000000003fffffff] ACPI data
[    0.000000] BIOS-e820: [mem 0x00000000fec00000-0x00000000fec00fff] reserved
[    0.000000] BIOS-e820: [mem 0x00000000fee00000-0x00000000fee00fff] reserved
[    0.000000] BIOS-e820: [mem 0x00000000fffc0000-0x00000000ffffffff] reserved
[    0.000000] NX (Execute Disable) protection: active
[    0.000000] SMBIOS 2.5 present.
[    0.000000] Hypervisor detected: KVM
[    0.000000] e820: last_pfn = 0x3fff0 max_arch_pfn = 0x1000000
[    0.000000] MTRR: Disabled
[    0.000000] x86/PAT: MTRRs disabled, skipping PAT initialization too.
[    0.000000] CPU MTRRs all blank - virtualized system.
[    0.000000] x86/PAT: Configuration [0-7]: WB  WT  UC- UC  WB  WT  UC- UC  
[    0.000000] found SMP MP-table at [mem 0x0009fff0-0x0009ffff] mapped at [c009fff0]
[    0.000000] Scanning 1 areas for low memory corruption
[    0.000000] RAMDISK: [mem 0x363be000-0x371d6fff]
[    0.000000] ACPI: Early table checksum verification disabled
[    0.000000] ACPI: RSDP 0x00000000000E0000 000024 (v02 VBOX  )
[    0.000000] ACPI: XSDT 0x000000003FFF0030 00003C (v01 VBOX   VBOXXSDT 00000001 ASL  00000061)
[    0.000000] ACPI: FACP 0x000000003FFF00F0 0000F4 (v04 VBOX   VBOXFACP 00000001 ASL  00000061)
[    0.000000] ACPI: DSDT 0x000000003FFF0470 0022EA (v02 VBOX   VBOXBIOS 00000002 INTL 20100528)
[    0.000000] ACPI: FACS 0x000000003FFF0200 000040
[    0.000000] ACPI: FACS 0x000000003FFF0200 000040
[    0.000000] ACPI: APIC 0x000000003FFF0240 00005C (v02 VBOX   VBOXAPIC 00000001 ASL  00000061)
[    0.000000] ACPI: SSDT 0x000000003FFF02A0 0001CC (v01 VBOX   VBOXCPUT 00000002 INTL 20100528)
[    0.000000] 131MB HIGHMEM available.
[    0.000000] 891MB LOWMEM available.
[    0.000000]   mapped low ram: 0 - 37bfe000
[    0.000000]   low ram: 0 - 37bfe000
[    0.000000] kvm-clock: Using msrs 4b564d01 and 4b564d00
[    0.000000] kvm-clock: cpu 0, msr 0:37bfd001, primary cpu clock
[    0.000000] kvm-clock: using sched offset of 2998454763 cycles
[    0.000000] clocksource: kvm-clock: mask: 0xffffffffffffffff max_cycles: 0x1cd42e4dffb, max_idle_ns: 881590591483 ns
[    0.000000] Zone ranges:
[    0.000000]   DMA      [mem 0x0000000000001000-0x0000000000ffffff]
[    0.000000]   Normal   [mem 0x0000000001000000-0x0000000037bfdfff]
[    0.000000]   HighMem  [mem 0x0000000037bfe000-0x000000003ffeffff]
[    0.000000] Movable zone start for each node
[    0.000000] Early memory node ranges
[    0.000000]   node   0: [mem 0x0000000000001000-0x000000000009efff]
[    0.000000]   node   0: [mem 0x0000000000100000-0x000000003ffeffff]
[    0.000000] Initmem setup node 0 [mem 0x0000000000001000-0x000000003ffeffff]
[    0.000000] Using APIC driver default
[    0.000000] ACPI: PM-Timer IO Port: 0x4008
[    0.000000] IOAPIC[0]: apic_id 2, version 32, address 0xfec00000, GSI 0-23
[    0.000000] ACPI: INT_SRC_OVR (bus 0 bus_irq 0 global_irq 2 dfl dfl)
[    0.000000] ACPI: INT_SRC_OVR (bus 0 bus_irq 9 global_irq 9 low level)
[    0.000000] Using ACPI (MADT) for SMP configuration information
[    0.000000] smpboot: Allowing 2 CPUs, 0 hotplug CPUs
[    0.000000] PM: Registered nosave memory: [mem 0x00000000-0x00000fff]
[    0.000000] PM: Registered nosave memory: [mem 0x0009f000-0x0009ffff]
[    0.000000] PM: Registered nosave memory: [mem 0x000a0000-0x000effff]
[    0.000000] PM: Registered nosave memory: [mem 0x000f0000-0x000fffff]
[    0.000000] e820: [mem 0x40000000-0xfebfffff] available for PCI devices
[    0.000000] Booting paravirtualized kernel on KVM
[    0.000000] clocksource: refined-jiffies: mask: 0xffffffff max_cycles: 0xffffffff, max_idle_ns: 7645519600211568 ns
[    0.000000] setup_percpu: NR_CPUS:8 nr_cpumask_bits:8 nr_cpu_ids:2 nr_node_ids:1
[    0.000000] PERCPU: Embedded 19 pages/cpu @f6397000 s47308 r0 d30516 u77824
[    0.000000] Built 1 zonelists in Zone order, mobility grouping on.  Total pages: 259800
[    0.000000] Kernel command line: BOOT_IMAGE=/boot/vmlinuz-4.4.0-146-generic root=LABEL=cloudimg-rootfs ro console=tty1 console=ttyS0
[    0.000000] PID hash table entries: 4096 (order: 2, 16384 bytes)
[    0.000000] Dentry cache hash table entries: 131072 (order: 7, 524288 bytes)
[    0.000000] Inode-cache hash table entries: 65536 (order: 6, 262144 bytes)
[    0.000000] Initializing CPU#0
[    0.000000] Initializing HighMem for node 0 (00037bfe:0003fff0)
[    0.000000] Initializing Movable for node 0 (00000000:00000000)
[    0.000000] Memory: 1008320K/1048120K available (8099K kernel code, 788K rwdata, 3204K rodata, 932K init, 784K bss, 39800K reserved, 0K cma-reserved, 135112K highmem)
[    0.000000] virtual kernel memory layout:
[    0.000000]     fixmap  : 0xfff15000 - 0xfffff000   ( 936 kB)
[    0.000000]     pkmap   : 0xffc00000 - 0xffe00000   (2048 kB)
[    0.000000]     vmalloc : 0xf83fe000 - 0xffbfe000   ( 120 MB)
[    0.000000]     lowmem  : 0xc0000000 - 0xf7bfe000   ( 891 MB)
[    0.000000]       .init : 0xc1bd3000 - 0xc1cbc000   ( 932 kB)
[    0.000000]       .data : 0xc17e92c8 - 0xc1bd1300   (4000 kB)
[    0.000000]       .text : 0xc1000000 - 0xc17e92c8   (8100 kB)
[    0.000000] Checking if this processor honours the WP bit even in supervisor mode...Ok.
[    0.000000] SLUB: HWalign=64, Order=0-3, MinObjects=0, CPUs=2, Nodes=1
[    0.000000] Hierarchical RCU implementation.
[    0.000000] 	Build-time adjustment of leaf fanout to 32.
[    0.000000] 	RCU restricting CPUs from NR_CPUS=8 to nr_cpu_ids=2.
[    0.000000] RCU: Adjusting geometry for rcu_fanout_leaf=32, nr_cpu_ids=2
[    0.000000] NR_IRQS:2304 nr_irqs:440 16
[    0.000000] Console: colour VGA+ 80x25
[    0.000000] console [tty1] enabled
[    0.000000] console [ttyS0] enabled
[    0.000000] allocated 1048576 bytes of page_ext
[    0.000000] tsc: Detected 4199.996 MHz processor
[    0.124303] Calibrating delay loop (skipped) preset value.. 8399.99 BogoMIPS (lpj=16799984)
[    0.125353] pid_max: default: 32768 minimum: 301
[    0.125914] ACPI: Core revision 20150930
[    0.127103] ACPI: 2 ACPI AML tables successfully acquired and loaded
[    0.127981] Security Framework initialized
[    0.128486] Yama: becoming mindful.
[    0.128954] AppArmor: AppArmor initialized
[    0.129484] Mount-cache hash table entries: 2048 (order: 1, 8192 bytes)
[    0.130179] Mountpoint-cache hash table entries: 2048 (order: 1, 8192 bytes)
[    0.131051] Initializing cgroup subsys io
[    0.131560] Initializing cgroup subsys memory
[    0.132143] Initializing cgroup subsys devices
[    0.132696] Initializing cgroup subsys freezer
[    0.133237] Initializing cgroup subsys net_cls
[    0.133781] Initializing cgroup subsys perf_event
[    0.134390] Initializing cgroup subsys net_prio
[    0.134935] Initializing cgroup subsys hugetlb
[    0.135575] Initializing cgroup subsys pids
[    0.137965] mce: CPU supports 0 MCE banks
[    0.138515] Last level iTLB entries: 4KB 64, 2MB 8, 4MB 8
[    0.139178] Last level dTLB entries: 4KB 64, 2MB 0, 4MB 0, 1GB 4
[    0.139881] Spectre V2 : Mitigation: Full generic retpoline
[    0.140548] Spectre V2 : Spectre v2 / SpectreRSB mitigation: Filling RSB on context switch
[    0.141529] Speculative Store Bypass: Vulnerable
[    0.144482] Freeing SMP alternatives memory: 36K
[    0.148739] ftrace: allocating 31561 entries in 62 pages
[    0.203039] smpboot: APIC(0) Converting physical 0 to logical package 0
[    0.203865] smpboot: Max logical packages: 1
[    0.204564] Enabling APIC mode:  Flat.  Using 1 I/O APICs
[    0.205990] ..TIMER: vector=0x30 apic1=0 pin1=2 apic2=-1 pin2=-1
[    0.312342] smpboot: CPU0: Intel(R) Core(TM) i7-7700K CPU @ 4.20GHz (family: 0x6, model: 0x9e, stepping: 0x9)
[    0.313547] Performance Events: unsupported p6 CPU model 158 no PMU driver, software events only.
[    0.319543] KVM setup paravirtual spinlock
[    0.320571] x86: Booting SMP configuration:
[    0.321137] .... node  #0, CPUs:      #1
[1266874886.711096] Initializing CPU#1
[    0.321970] kvm-clock: cpu 1, msr 0:37bfd041, secondary cpu clock
[    0.324467] mce: CPU supports 0 MCE banks
[    0.326808] x86: Booted up 1 node, 2 CPUs
[    0.327558] smpboot: Total of 2 processors activated (16799.98 BogoMIPS)
[    0.328848] devtmpfs: initialized
[    0.329487] evm: security.selinux
[    0.329989] evm: security.SMACK64
[    0.330516] evm: security.SMACK64EXEC
[    0.331085] evm: security.SMACK64TRANSMUTE
[    0.331833] evm: security.SMACK64MMAP
[    0.332363] evm: security.ima
[    0.332865] evm: security.capability
[    0.333625] clocksource: jiffies: mask: 0xffffffff max_cycles: 0xffffffff, max_idle_ns: 7645041785100000 ns
[    0.335005] futex hash table entries: 512 (order: 3, 32768 bytes)
[    0.335851] pinctrl core: initialized pinctrl subsystem
[    0.336613] RTC time: 14:42:48, date: 05/03/19
[    0.337403] NET: Registered protocol family 16
[    0.338106] EISA bus registered
[    0.344432] cpuidle: using governor ladder
[    0.355972] cpuidle: using governor menu
[    0.356575] PCCT header not found.
[    0.357203] ACPI: bus type PCI registered
[    0.357786] acpiphp: ACPI Hot Plug PCI Controller Driver version: 0.5
[    0.358806] PCI : PCI BIOS area is rw and x. Use pci=nobios if you want it NX.
[    0.359886] PCI: PCI BIOS revision 2.10 entry at 0xfda26, last bus=0
[    0.360790] PCI: Using configuration type 1 for base access
[    0.373198] ACPI: Added _OSI(Module Device)
[    0.373744] ACPI: Added _OSI(Processor Device)
[    0.374239] ACPI: Added _OSI(3.0 _SCP Extensions)
[    0.374797] ACPI: Added _OSI(Processor Aggregator Device)
[    0.375812] ACPI: Executed 1 blocks of module-level executable AML code
[    0.377683] ACPI: Interpreter enabled
[    0.378134] ACPI: (supports S0 S5)
[    0.378553] ACPI: Using IOAPIC for interrupt routing
[    0.379173] PCI: Using host bridge windows from ACPI; if necessary, use "pci=nocrs" and report a bug
[    0.382168] ACPI: PCI Root Bridge [PCI0] (domain 0000 [bus 00-ff])
[    0.382793] acpi PNP0A03:00: _OSC: OS supports [ASPM ClockPM Segments MSI]
[    0.389849] acpi PNP0A03:00: _OSC: not requesting OS control; OS requires [ExtendedConfig ASPM ClockPM MSI]
[    0.391151] acpi PNP0A03:00: fail to add MMCONFIG information, can't access extended PCI configuration space under this bridge.
[    0.392850] PCI host bridge to bus 0000:00
[    0.393422] pci_bus 0000:00: root bus resource [io  0x0000-0x0cf7 window]
[    0.394349] pci_bus 0000:00: root bus resource [io  0x0d00-0xffff window]
[    0.395270] pci_bus 0000:00: root bus resource [mem 0x000a0000-0x000bffff window]
[    0.396522] pci_bus 0000:00: root bus resource [mem 0x40000000-0xfdffffff window]
[    0.397620] pci_bus 0000:00: root bus resource [bus 00-ff]
[    0.399278] pci 0000:00:01.1: legacy IDE quirk: reg 0x10: [io  0x01f0-0x01f7]
[    0.400216] pci 0000:00:01.1: legacy IDE quirk: reg 0x14: [io  0x03f6]
[    0.401022] pci 0000:00:01.1: legacy IDE quirk: reg 0x18: [io  0x0170-0x0177]
[    0.401922] pci 0000:00:01.1: legacy IDE quirk: reg 0x1c: [io  0x0376]
[    0.410163] pci 0000:00:07.0: quirk: [io  0x4000-0x403f] claimed by PIIX4 ACPI
[    0.411058] pci 0000:00:07.0: quirk: [io  0x4100-0x410f] claimed by PIIX4 SMB
[    0.414803] ACPI: PCI Interrupt Link [LNKA] (IRQs 5 9 10 *11)
[    0.416137] ACPI: PCI Interrupt Link [LNKB] (IRQs 5 9 *10 11)
[    0.417369] ACPI: PCI Interrupt Link [LNKC] (IRQs 5 *9 10 11)
[    0.418357] ACPI: PCI Interrupt Link [LNKD] (IRQs 5 9 10 *11)
[    0.419285] ACPI: Enabled 2 GPEs in block 00 to 07
[    0.420031] vgaarb: setting as boot device: PCI:0000:00:02.0
[    0.420670] vgaarb: device added: PCI:0000:00:02.0,decodes=io+mem,owns=io+mem,locks=none
[    0.421560] vgaarb: loaded
[    0.421922] vgaarb: bridge control possible 0000:00:02.0
[    0.422667] SCSI subsystem initialized
[    0.423192] ACPI: bus type USB registered
[    0.423667] usbcore: registered new interface driver usbfs
[    0.424251] usbcore: registered new interface driver hub
[    0.424828] usbcore: registered new device driver usb
[    0.425574] PCI: Using ACPI for IRQ routing
[    0.426199] NetLabel: Initializing
[    0.426620] NetLabel:  domain hash size = 128
[    0.427109] NetLabel:  protocols = UNLABELED CIPSOv4
[    0.427790] NetLabel:  unlabeled traffic allowed by default
[    0.428495] amd_nb: Cannot enumerate AMD northbridges
[    0.429088] clocksource: Switched to clocksource kvm-clock
[    0.434670] AppArmor: AppArmor Filesystem Enabled
[    0.435247] pnp: PnP ACPI init
[    0.436063] pnp: PnP ACPI: found 3 devices
[    0.436543] PnPBIOS: Disabled by ACPI PNP
[    0.474984] clocksource: acpi_pm: mask: 0xffffff max_cycles: 0xffffff, max_idle_ns: 2085701024 ns
[    0.476252] NET: Registered protocol family 2
[    0.476986] TCP established hash table entries: 8192 (order: 3, 32768 bytes)
[    0.477988] TCP bind hash table entries: 8192 (order: 4, 65536 bytes)
[    0.478816] TCP: Hash tables configured (established 8192 bind 8192)
[    0.479765] UDP hash table entries: 512 (order: 2, 16384 bytes)
[    0.480590] UDP-Lite hash table entries: 512 (order: 2, 16384 bytes)
[    0.481555] NET: Registered protocol family 1
[    0.482179] pci 0000:00:00.0: Limiting direct PCI/PCI transfers
[    0.482988] pci 0000:00:01.0: Activating ISA DMA hang workarounds
[    0.483901] Unpacking initramfs...
[    0.648245] Freeing initrd memory: 14436K
[    0.648924] platform rtc_cmos: registered platform RTC device (no PNP device found)
[    0.650234] Scanning for low memory corruption every 60 seconds
[    0.651403] audit: initializing netlink subsys (disabled)
[    0.652199] audit: type=2000 audit(1556894572.477:1): initialized
[    0.653241] Initialise system trusted keyring
[    0.654059] HugeTLB registered 2 MB page size, pre-allocated 0 pages
[    0.655690] zbud: loaded
[    0.656250] VFS: Disk quotas dquot_6.6.0
[    0.656899] VFS: Dquot-cache hash table entries: 1024 (order 0, 4096 bytes)
[    0.658090] squashfs: version 4.0 (2009/01/31) Phillip Lougher
[    0.659085] fuse init (API version 7.23)
[    0.659828] Key type big_key registered
[    0.660437] Allocating IMA MOK and blacklist keyrings.
[    0.662256] Key type asymmetric registered
[    0.662895] Asymmetric key parser 'x509' registered
[    0.663679] bounce: pool size: 64 pages
[    0.664375] Block layer SCSI generic (bsg) driver version 0.4 loaded (major 249)
[    0.665632] io scheduler noop registered
[    0.666107] io scheduler deadline registered (default)
[    0.666687] io scheduler cfq registered
[    0.667211] pci_hotplug: PCI Hot Plug PCI Core version: 0.5
[    0.667805] pciehp: PCI Express Hot Plug Controller Driver version: 0.4
[    0.668548] ACPI: AC Adapter [AC] (on-line)
[    0.669066] input: Power Button as /devices/LNXSYSTM:00/LNXPWRBN:00/input/input0
[    0.669990] ACPI: Power Button [PWRF]
[    0.670471] input: Sleep Button as /devices/LNXSYSTM:00/LNXSLPBN:00/input/input1
[    0.671437] ACPI: Sleep Button [SLPF]
[    0.671993] GHES: HEST is not enabled!
[    0.672515] isapnp: Scanning for PnP cards...
[    0.677266] Serial: 8250/16550 driver, 32 ports, IRQ sharing enabled
[    0.698472] 00:02: ttyS0 at I/O 0x3f8 (irq = 4, base_baud = 115200) is a 16550A
[    0.700243] Linux agpgart interface v0.103
[    0.702575] loop: module loaded
[    0.703390] scsi host0: ata_piix
[    0.703923] scsi host1: ata_piix
[    0.704444] ata1: PATA max UDMA/33 cmd 0x1f0 ctl 0x3f6 bmdma 0xd000 irq 14
[    0.705351] ata2: PATA max UDMA/33 cmd 0x170 ctl 0x376 bmdma 0xd008 irq 15
[    0.706389] libphy: Fixed MDIO Bus: probed
[    0.706970] tun: Universal TUN/TAP device driver, 1.6
[    0.707690] tun: (C) 1999-2004 Max Krasnyansky <maxk@qualcomm.com>
[    0.708500] PPP generic driver version 2.4.2
[    0.709141] ehci_hcd: USB 2.0 'Enhanced' Host Controller (EHCI) Driver
[    0.710066] ehci-pci: EHCI PCI platform driver
[    0.710662] ehci-platform: EHCI generic platform driver
[    0.711372] ohci_hcd: USB 1.1 'Open' Host Controller (OHCI) Driver
[    0.712375] ohci-pci: OHCI PCI platform driver
[    0.713018] ohci-platform: OHCI generic platform driver
[    0.713750] uhci_hcd: USB Universal Host Controller Interface driver
[    0.714558] i8042: PNP: PS/2 Controller [PNP0303:PS2K,PNP0f03:PS2M] at 0x60,0x64 irq 1,12
[    0.716156] serio: i8042 KBD port at 0x60,0x64 irq 1
[    0.716832] serio: i8042 AUX port at 0x60,0x64 irq 12
[    0.717625] mousedev: PS/2 mouse device common for all mice
[    0.718700] rtc_cmos rtc_cmos: rtc core: registered rtc_cmos as rtc0
[    0.719655] input: AT Translated Set 2 keyboard as /devices/platform/i8042/serio0/input/input2
[    0.721002] rtc_cmos rtc_cmos: alarms up to one day, 114 bytes nvram
[    0.721948] i2c /dev entries driver
[    0.722496] device-mapper: uevent: version 1.0.3
[    0.723169] device-mapper: ioctl: 4.34.0-ioctl (2015-10-28) initialised: dm-devel@redhat.com
[    0.724381] platform eisa.0: Probing EISA bus 0
[    0.725000] platform eisa.0: EISA: Cannot allocate resource for mainboard
[    0.725934] platform eisa.0: Cannot allocate resource for EISA slot 1
[    0.726739] platform eisa.0: Cannot allocate resource for EISA slot 2
[    0.727537] platform eisa.0: Cannot allocate resource for EISA slot 3
[    0.728326] platform eisa.0: Cannot allocate resource for EISA slot 4
[    0.729136] platform eisa.0: Cannot allocate resource for EISA slot 5
[    0.729987] platform eisa.0: Cannot allocate resource for EISA slot 6
[    0.730819] platform eisa.0: Cannot allocate resource for EISA slot 7
[    0.731609] platform eisa.0: Cannot allocate resource for EISA slot 8
[    0.732448] platform eisa.0: EISA: Detected 0 cards
[    0.733146] cpufreq-nforce2: No nForce2 chipset.
[    0.733873] ledtrig-cpu: registered to indicate activity on CPUs
[    0.734768] NET: Registered protocol family 10
[    0.735494] NET: Registered protocol family 17
[    0.736105] Key type dns_resolver registered
[    0.736787] Using IPI No-Shortcut mode
[    0.737466] registered taskstats version 1
[    0.738055] Loading compiled-in X.509 certificates
[    0.739980] Loaded X.509 cert 'Build time autogenerated kernel key: 56be136ccd6c287fae9666a12323e6ec8043de9a'
[    0.741242] zswap: loaded using pool lzo/zbud
[    0.742808] Key type trusted registered
[    0.744658] Key type encrypted registered
[    0.745267] AppArmor: AppArmor sha1 policy hashing enabled
[    0.746037] ima: No TPM chip found, activating TPM-bypass!
[    0.746759] ima: Allocated hash algorithm: sha1
[    0.747367] evm: HMAC attrs: 0x1
[    0.747983]   Magic number: 3:387:737
[    0.748605] rtc_cmos rtc_cmos: setting system clock to 2019-05-03 14:42:48 UTC (1556894568)
[    0.749929] BIOS EDD facility v0.16 2004-Jun-25, 0 devices found
[    0.750572] EDD information not available.
[    1.032652] isapnp: No Plug & Play device found
[    1.033530] Freeing unused kernel memory: 932K
[    1.054019] Write protecting the kernel text: 8104k
[    1.054816] Write protecting the kernel read-only data: 3208k
[    1.055557] NX-protecting the kernel data: 6232k
Loading, please wait...
starting version 229
[    1.063598] random: systemd-udevd: uninitialized urandom read (16 bytes read, 0 bits of entropy available)
[    1.063940] random: udevadm: uninitialized urandom read (16 bytes read, 0 bits of entropy available)
[    1.066331] random: systemd-udevd: uninitialized urandom read (16 bytes read, 0 bits of entropy available)
[    1.067681] random: systemd-udevd: uninitialized urandom read (16 bytes read, 0 bits of entropy available)
[    1.069804] random: udevadm: uninitialized urandom read (16 bytes read, 0 bits of entropy available)
[    1.070663] random: systemd-udevd: uninitialized urandom read (16 bytes read, 0 bits of entropy available)
[    1.072492] random: udevadm: uninitialized urandom read (16 bytes read, 0 bits of entropy available)
[    1.073838] random: udevadm: uninitialized urandom read (16 bytes read, 0 bits of entropy available)
[    1.075254] random: udevadm: uninitialized urandom read (16 bytes read, 0 bits of entropy available)
[    1.082760] random: udevadm: uninitialized urandom read (16 bytes read, 0 bits of entropy available)
[    1.099094] e1000: Intel(R) PRO/1000 Network Driver - version 7.3.21-k8-NAPI
[    1.099997] e1000: Copyright (c) 1999-2006 Intel Corporation.
[    1.100959] Fusion MPT base driver 3.04.20
[    1.101653] Copyright (c) 1999-2008 LSI Corporation
[    1.123382] Fusion MPT SPI Host driver 3.04.20
[    1.330199] input: ImExPS/2 Generic Explorer Mouse as /devices/platform/i8042/serio1/input/input4
[    1.427950] e1000 0000:00:03.0 eth0: (PCI:33MHz:32-bit) 02:77:61:3d:13:fa
[    1.428840] e1000 0000:00:03.0 eth0: Intel(R) PRO/1000 Network Connection
[    1.430561] mptbase: ioc0: Initiating bringup
[    1.430883] e1000 0000:00:03.0 enp0s3: renamed from eth0
[    1.493205] ioc0: LSI53C1030 A0: Capabilities={Initiator}
[    1.645494] tsc: Refined TSC clocksource calibration: 4201.304 MHz
[    1.646399] clocksource: tsc: mask: 0xffffffffffffffff max_cycles: 0x3c8f31dddb1, max_idle_ns: 440795392075 ns
[    1.654599] scsi host2: ioc0: LSI53C1030 A0, FwRev=00000000h, Ports=1, MaxQ=256, IRQ=20
[    1.765498] scsi 2:0:0:0: Direct-Access     VBOX     HARDDISK         1.0  PQ: 0 ANSI: 5
[    1.766663] scsi target2:0:0: Beginning Domain Validation
[    1.769047] scsi target2:0:0: Domain Validation skipping write tests
[    1.769728] scsi target2:0:0: Ending Domain Validation
[    1.770345] scsi target2:0:0: asynchronous
[    1.771215] scsi 2:0:1:0: Direct-Access     VBOX     HARDDISK         1.0  PQ: 0 ANSI: 5
[    1.772114] scsi target2:0:1: Beginning Domain Validation
[    1.773685] scsi target2:0:1: Domain Validation skipping write tests
[    1.774324] scsi target2:0:1: Ending Domain Validation
[    1.774946] scsi target2:0:1: asynchronous
[    1.779064] sd 2:0:0:0: Attached scsi generic sg0 type 0
[    1.779789] sd 2:0:0:0: [sda] 20971520 512-byte logical blocks: (10.7 GB/10.0 GiB)
[    1.779918] sd 2:0:1:0: [sdb] 20480 512-byte logical blocks: (10.5 MB/10.0 MiB)
[    1.779993] sd 2:0:1:0: [sdb] Write Protect is off
[    1.780040] sd 2:0:1:0: [sdb] Incomplete mode parameter data
[    1.780041] sd 2:0:1:0: [sdb] Assuming drive cache: write through
[    1.783311] sd 2:0:1:0: Attached scsi generic sg1 type 0
[    1.784169] sd 2:0:0:0: [sda] Write Protect is off
[    1.784632] sd 2:0:1:0: [sdb] Attached SCSI disk
[    1.785448] sd 2:0:0:0: [sda] Incomplete mode parameter data
[    1.786076] sd 2:0:0:0: [sda] Assuming drive cache: write through
[    1.787354]  sda: sda1
[    1.788147] sd 2:0:0:0: [sda] Attached SCSI disk
Begin: Loading essential drivers ... [    3.008810] md: linear personality registered for level -1
[    3.012033] md: multipath personality registered for level -4
[    3.015342] md: raid0 personality registered for level 0
[    3.019793] md: raid1 personality registered for level 1
[    3.101790] raid6: mmxx1    gen()  8854 MB/s
[    3.169412] raid6: mmxx2    gen()  8958 MB/s
[    3.237106] raid6: sse1x1   gen()  6321 MB/s
[    3.305274] raid6: sse1x2   gen()  9062 MB/s
[    3.373483] raid6: sse2x1   gen() 15945 MB/s
[    3.441152] raid6: sse2x1   xor()  9683 MB/s
[    3.509324] raid6: sse2x2   gen() 18040 MB/s
[    3.577523] raid6: sse2x2   xor() 12881 MB/s
[    3.645205] raid6: avx2x1   gen() 31102 MB/s
[    3.713383] raid6: avx2x2   gen() 36702 MB/s
[    3.714002] raid6: using algorithm avx2x2 gen() 36702 MB/s
[    3.714645] raid6: using avx2x1 recovery algorithm
[    3.717273] xor: automatically using best checksumming function:
[    3.757516]    avx       : 36921.000 MB/sec
[    3.759850] async_tx: api initialized (async)
[    3.772688] md: raid6 personality registered for level 6
[    3.773280] md: raid5 personality registered for level 5
[    3.773875] md: raid4 personality registered for level 4
[    3.779585] md: raid10 personality registered for level 10
done.
Begin: Running /scripts/init-premount ... done.
Begin: Mounting root file system ... Begin: Running /scripts/local-top ... done.
Begin: Running /scripts/local-premount ... [    3.804876] Btrfs loaded
Scanning for Btrfs filesystems
done.
Warning: fsck not present, so skipping root file system
[    3.824981] EXT4-fs (sda1): mounted filesystem with ordered data mode. Opts: (null)
done.
Begin: Running /scripts/local-bottom ... done.
Begin: Running /scripts/init-bottom ... done.
[    3.899016] systemd[1]: systemd 229 running in system mode. (+PAM +AUDIT +SELINUX +IMA +APPARMOR +SMACK +SYSVINIT +UTMP +LIBCRYPTSETUP +GCRYPT +GNUTLS +ACL +XZ -LZ4 +SECCOMP +BLKID +ELFUTILS +KMOD -IDN)
[    3.900881] systemd[1]: Detected virtualization oracle.
[    3.901471] systemd[1]: Detected architecture x86.

Welcome to [1mUbuntu 16.04.6 LTS[0m!

[    3.904234] systemd[1]: Set hostname to <ubuntu>.
[    3.908414] systemd[1]: Initializing machine ID from random generator.
[    3.909117] systemd[1]: Installed transient /etc/machine-id file.
[    3.995933] systemd[1]: Started Forward Password Requests to Wall Directory Watch.
[[0;32m  OK  [0m] Started Forward Password Requests to Wall Directory Watch.
[    3.997605] systemd[1]: Listening on LVM2 poll daemon socket.
[[0;32m  OK  [0m] Listening on LVM2 poll daemon socket.
[    3.998784] systemd[1]: Started Trigger resolvconf update for networkd DNS.
[[0;32m  OK  [0m] Started Trigger resolvconf update for networkd DNS.
[    4.000111] systemd[1]: Listening on Device-mapper event daemon FIFOs.
[[0;32m  OK  [0m] Listening on Device-mapper event daemon FIFOs.
[    4.001385] systemd[1]: Reached target User and Group Name Lookups.
[[0;32m  OK  [0m] Reached target User and Group Name Lookups.
[    4.002757] systemd[1]: Listening on Journal Audit Socket.
[[0;32m  OK  [0m] Listening on Journal Audit Socket.
[    4.003939] systemd[1]: Listening on /dev/initctl Compatibility Named Pipe.
[[0;32m  OK  [0m] Listening on /dev/initctl Compatibility Named Pipe.
[    4.005206] systemd[1]: Reached target System Time Synchronized.
[[0;32m  OK  [0m] Reached target System Time Synchronized.
[    4.013442] systemd[1]: Created slice User and Session Slice.
[[0;32m  OK  [0m] Created slice User and Session Slice.
[    4.021331] systemd[1]: Listening on udev Kernel Socket.
[[0;32m  OK  [0m] Listening on udev Kernel Socket.
[    4.029326] systemd[1]: Reached target Encrypted Volumes.
[[0;32m  OK  [0m] Reached target Encrypted Volumes.
[    4.037413] systemd[1]: Listening on Journal Socket.
[[0;32m  OK  [0m] Listening on Journal Socket.
[    4.045414] systemd[1]: Listening on LVM2 metadata daemon socket.
[[0;32m  OK  [0m] Listening on LVM2 metadata daemon socket.
[    4.053524] systemd[1]: Created slice System Slice.
[[0;32m  OK  [0m] Created slice System Slice.
[    4.073446] systemd[1]: Starting Monitoring of LVM2 mirrors, snapshots etc. using dmeventd or progress polling...
         Starting Monitoring of LVM2 mirrors... dmeventd or progress polling...
[    4.081535] systemd[1]: Mounting POSIX Message Queue File System...
         Mounting POSIX Message Queue File System...
[    4.083077] systemd[1]: Mounting Debug File System...
         Mounting Debug File System...
[    4.087110] systemd[1]: Starting Load Kernel Modules...
         Starting Load Kernel Modules...
[    4.088192] systemd[1]: Reached target Slices.
[[0;32m  OK  [0m] Reached target Slices.
[    4.089231] systemd[1]: Listening on Syslog Socket.
[[0;32m  OK  [0m] Listening on Syslog Socket.
[    4.090283] systemd[1]: Reached target Swap.
[[0;32m  OK  [0m] Reached target Swap.
[    4.091635] systemd[1]: Starting Create list of required static device nodes for the current kernel...
         Starting Create list of required st... nodes for the current kernel...
[    4.093422] systemd[1]: Set up automount Arbitrary Executable File Formats File System Automount Point.
[[0;32m  OK  [0m] Set up automount Arbitrary Executab...ats File System Automount Point.
[    4.095921] systemd[1]: Listening on Journal Socket (/dev/log).
[[0;32m  OK  [0m] Listening on Journal Socket (/dev/log).
[    4.097445] systemd[1]: Starting Set console keymap...
         Starting Set console keymap...
[    4.098763] systemd[1]: Starting Journal Service...
         [    4.099517] Loading iSCSI transport class v2.0-870.
Starting Journal Service...
[    4.100530] systemd[1]: Starting Remount Root and Kernel File Systems...
         Starting Remount Root and Kernel File Systems...
[    4.101824] systemd[1]: Listening on udev Control Socket.
[[0;32m  OK  [0m] Listening on udev Control Socket.
[    4.103389] systemd[1]: Starting Uncomplicated firewall...
         Starting Uncomplicated firewall...
[    4.105884] systemd[1]: Starting Nameserver information manager...
    4.106572] EXT4-fs (sda1): re-mounted. Opts: (null)
         Starting Nameserver information manager...
[    4.107854] systemd[1]: Created slice system-serial\x2dgetty.slice.
[[0;32m  OK  [0m] Created slice system-serial\x2dgetty.slice.
[    4.113883] systemd[1]: Mounting Huge Pages File System...
         Mounting Huge Pages File System...
[    4.115824] systemd[1]: Mounted POSIX Message Queue File System.
[[0;32m  OK  [0m] Mounted POSIX Message Queue File System.
[    4.117061] systemd[1]: Mounted Debug File System.
[[0;32m  OK  [0m] Mounted Debug File System.
[    4.118151] systemd[1]: Mounted Huge Pages File System.
[[0;32m  OK  [0m] Mounted Huge Pages File System.
[    4.119565] systemd[1]: Started Create list of required static device nodes for the current kernel.
[[0;32m  OK  [0m] Started Create list of required sta...ce nodes for the current kernel.
[    4.122660] systemd[1]: Started Remount Root and Kernel File Systems.
[[0;32m  OK  [0m] Started Remount Root and Kernel File Systems.
[    4.124202] systemd[1]: Started Uncomplicated firewall.
[    4.124869] iscsi: registered transport (tcp)
[[0;32m  OK  [0m] Started Uncomplicated firewall.
[    4.126377] systemd[1]: Started Set console keymap.
[[0;32m  OK  [0m] Started Set console keymap.
[    4.133984] systemd[1]: Started Nameserver information manager.
[[0;32m  OK  [0m] Started Nameserver information manager.
[    4.150221] systemd[1]: Started Journal Service.
[[0;32m  OK  [0m] Started Journal Service.
[    4.171937] iscsi: registered transport (iser)
[[0;32m  OK  [0m] Started LVM2 metadata daemon.
         Starting Flush Journal to Persistent Storage...
         Starting udev Coldplug all Devices...
         Starting Load/Save Random Seed...
         Starting Create Static Device Nodes in /dev...
[[0;32m  OK  [0m] Started Load Kernel Modules.
[[0;32m  OK  [0m] Started Load/Save Random Seed.
[[0;32m  OK  [0m] Started Create Static Device Nodes in /dev.
[    4.201099] systemd-journald[388]: Received request to flush runtime journal from PID 1
[[0;32m  OK  [0m] Started Flush Journal to Persistent Storage.
[[0;32m  OK  [0m] Started udev Coldplug all Devices.
         Starting udev Kernel Device Manager...
         Mounting FUSE Control File System...
         Starting Apply Kernel Variables...
[[0;32m  OK  [0m] Mounted FUSE Control File System.
[[0;32m  OK  [0m] Started Apply Kernel Variables.
[[0;32m  OK  [0m] Started udev Kernel Device Manager.
[[0;32m  OK  [0m] Started Dispatch Password Requests to Console Directory Watch.
[[0;32m  OK  [0m] Found device /dev/ttyS0.
[[0;32m  OK  [0m] Started Monitoring of LVM2 mirrors,...ng dmeventd or progress polling.
[[0;32m  OK  [0m] Reached target Local File Systems (Pre).
[[0;32m  OK  [0m] Reached target Local File Systems.
         Starting Commit a transient machine-id on disk...
         Starting Set console font and keymap...
         Starting Initial cloud-init job (pre-networking)...
         Starting Tell Plymouth To Write Out Runtime Data...
         Starting Create Volatile Files and Directories...
         Starting LSB: AppArmor initialization...
[[0;32m  OK  [0m] Started Create Volatile Files and Directories.
[[0;32m  OK  [0m] Started Commit a transient machine-id on disk.
[[0;32m  OK  [0m] Started Tell Plymouth To Write Out Runtime Data.
[[0;32m  OK  [0m] Listening on Load/Save RF Kill Switch Status /dev/rfkill Watch.
         Starting Update UTMP about System Boot/Shutdown...
[[0;32m  OK  [0m] Started Update UTMP about System Boot/Shutdown.
[    4.881915] cloud-init[522]: Cloud-init v. 18.5-45-g3554ffe8-0ubuntu1~16.04.1 running 'init-local' at Fri, 03 May 2019 14:42:52 +0000. Up 4.59 seconds.
[[0;32m  OK  [0m] Started LSB: AppArmor initialization.
[[0;32m  OK  [0m] Started Initial cloud-init job (pre-networking).
[[0;32m  OK  [0m] Reached target Network (Pre).
         Starting Raise network interfaces...
[[0;32m  OK  [0m] Started Set console font and keymap.
[[0;32m  OK  [0m] Created slice system-getty.slice.
[[0;32m  OK  [0m] Started Raise network interfaces.
         Starting Initial cloud-init job (metadata service crawler)...
[[0;32m  OK  [0m] Reached target Network.
[    5.873893] cloud-init[934]: Cloud-init v. 18.5-45-g3554ffe8-0ubuntu1~16.04.1 running 'init' at Fri, 03 May 2019 14:42:53 +0000. Up 5.32 seconds.
[    5.880520] cloud-init[934]: ci-info: ++++++++++++++++++++++++++++++++++++++Net device info++++++++++++++++++++++++++++++++++++++
[    5.888535] cloud-init[934]: ci-info: +--------+------+----------------------------+---------------+--------+-------------------+
[[0;32m  OK  [0m] Started Initial cloud-init job (metadata service crawler).
[    5.896511] cloud-init[934]: ci-info: | Device |  Up  |          Address           |      Mask     | Scope  |     Hw-Address    |
[    5.897425] [[0;32m  OK  [0m] Reached target Cloud-config availability.
[[0;32m  OK  [0m] Reached target Network is Online.
cloud-init[934]: ci-info: +--------+------+----------------------------+---------------+--------+-------------------+
[    5.898830] cloud-init[934]: ci-info: | enp0s3 | True |         10.0.2.15          | 255.255.255.0 | global | 02:77:61:3d:13:fa |
[    5.899704] cloud-init[934]: ci-info: | enp0s3 | True | fe80::77:61ff:fe3d:13fa/64 |       .       |  link  | 02:77:61:3d:13:fa |
[    5.900793] cloud-init[934]: ci-info: |   lo   | True |         127.0.0.1          |   255.0.0.0   |  host  |         .         |
[    5.901908] cloud-init[934]: ci-info: |   lo   | True |          ::1/128           |       .       |  host  |         .         |
[    5.903038] cloud-init[934]: ci-info: +--------+------+----------------------------+---------------+--------+-------------------+
[    5.903980] cloud-init[934]: ci-info: +++++++++++++++++++++++++++Route IPv4 info++++++++++++++++++++++++++++
[    5.904809] cloud-init[934]: ci-info: +-------+-------------+----------+---------------+-----------+-------+
[    5.905576] cloud-init[934]: ci-info: | Route | Destination | Gateway  |    Genmask    | Interface | Flags |
[    5.906340] cloud-init[934]: ci-info: +-------+-------------+----------+---------------+-----------+-------+
[    5.907119] cloud-init[934]: ci-info: |   0   |   0.0.0.0   | 10.0.2.2 |    0.0.0.0    |   enp0s3  |   UG  |
[    5.907884] cloud-init         Starting iSCSI initiator daemon (iscsid)...
[[0;32m  OK  [0m] Reached target System Initialization.
[934]: ci-info: |   1   |   10.0.2.0  | 0.0.0.0  | 255.255.255.0 |   enp0s3  |   U   |
[[0;32m  OK  [0m] Started ACPI Events Check.
[[0;32m  OK  [0m] Reached target Paths.
[[0;32m  OK  [0m] Started Daily apt download activities.
[[0;32m  OK  [0m] Started Daily Cleanup of Temporary Directories.
[[0;32m  OK  [0m] Listening on ACPID Listen Socket.
[[0;32m  OK  [0m] Listening on UUID daemon activation socket.
[[0;32m  OK  [0m] Started Daily apt upgrade and clean activities.
[[    5.909597] [0;32m  OK  [0mcloud-init] [934]: Reached target Timers.ci-info: +-------+-------------+----------+---------------+-----------+-------+

[    5.932541] cloud-init[934]: ci-info: +++++++++++++++++++Route IPv6 info+++++++++++++++++++
         Starting LXD - unix socket.
[    5.932633] cloud-init[934]: ci-info: +-------+-------------+---------+-----------+-------+
[    5.940559] cloud-init[934]: ci-info: | Route | Destination | Gateway | Interface | Flags |
[    5.940678] cloud-init[934]: ci-info: +-------+-------------+---------+-----------+-------+
[    5.940861] cloud-init[934]: ci-info: |   0   |  fe80::/64  |    ::   |   enp0s3  |   U   |
[    5.941142] cloud-init[934]: ci-info: |   3   |   ff00::/8  |    ::   |   enp0s3  |   U   |
[    5.941350] cloud-init[934]: ci-info: +-------+-------------+---------+-----------+-------+
[    5.941576] cloud-init[934]: Generating public/private rsa key pair.
[    5.941770] cloud-init[934]: Your identification has been saved in /etc/ssh/ssh_host_rsa_key.
[    5.941998] cloud-init[934]: Your public key has been saved in /etc/ssh/ssh_host_rsa_key.pub.
[    5.942200] cloud-init[934]: The key fingerprint is:
[    5.942407] cloud-init[934]: SHA256:CL+ZuTadH+0cJdOKXbbconJWc+039p9pPz7EOJ57BNE root@ubuntu-xenial
[    5.942626] cloud-init[934]: The key's randomart image is:
[    5.942809] cloud-init[934]: +---[RSA 2048]----+
[    5.943063] cloud-init[934]: |              .  |
[    5.943262] cloud-init[934]: |             . E |
[    5.943475] cloud-init[934]: |    .         .  |
[    5.943676] cloud-init[934]: |     o .     o   |
[    5.943880] cloud-init[934]: |      o S   o O .|
[    5.944242] cloud-init[934]: |       =   + @o*o|
[    5.944451] cloud-init[934]: |      =. .o *.O+.|
[    5.944676] cloud-init[934]: |      o.o .+o= O=|
[    5.944882] cloud-init[934]: |     ... ..++.*+%|
[    5.945099] cloud-init[934]: +----[SHA256]-----+
[    5.945297] cloud-init[934]: Generating public/private dsa key pair.
[    5.945508] cloud-init[934]: Your identification has been saved in /etc/ssh/ssh_host_dsa_key.
[    5.945706] cloud-init[934]: Your public key has been saved in /etc/ssh/ssh_host_dsa_key.pub.
[    5.945911] cloud-init[934]: The key fingerprint is:
[    5.946121] cloud-init[934]: SHA256:kLP+YUu3TVcMwJ2i+N5m7n0/NFQB1FL5eBseY8hrFu8 root@ubuntu-xenial
[    5.946323] cloud-init[934]: The key's randomart image is:
[    5.946400] cloud-init[934]: +---[DSA 1024]----+
[    5.946621] cloud-init[934]: |           .o+++o|
[    5.946823] cloud-init[934]: |       .    oooo.|
[    5.947036] cloud-init[934]: |      +  . ...+.o|
[    5.947236] cloud-init[934]: |       +. .  +.Oo|
[    5.947452] cloud-init[934]: |      . S.    B.B|
[    5.947648] cloud-init[934]: |     .    .  + B |
[    5.947854] cloud-init[934]: |      . +...+ + .|
[    5.948209] cloud-init[934]: |       + +.++o E.|
[    5.948407] cloud-init[934]: |        o .=+ ..+|
[    5.948624] cloud-init[934]: +----[SHA256]-----+
[    5.948827] cloud-init[934]: Generating public/private ecdsa key pair.
[    5.949042] cloud-init[934]: Your identification has been saved in /etc/ssh/ssh_host_ecdsa_key.
[    5.949242] cloud-init[934]: Your public key has been saved in /etc/ssh/ssh_host_ecdsa_key.pub.
[    5.949455] cloud-init[934]: The key fingerprint is:
[    5.949655] cloud-init[934]: SHA256:FOJxcRu86hW5HD03Ds86agraioS9fpd7GHFVwBIzOq0 root@ubuntu-xenial
[    5.949862] cloud-init[934]: The key's randomart image is:
[    5.950079] cloud-init[934]: +---[ECDSA 256]---+
[    5.950284] cloud-init[934]: |      o B=+o.    |
[    5.950499] cloud-init[934]: |     . *.=+o     |
[    5.950702] cloud-init[934]: |      + oo.+     |
[    5.950843] cloud-init[934]: |      .+. = + o  |
[    5.950997] cloud-init[934]: |      EoSo + B . |
         Starting Socket activation for snappy daemon.
[    5.951046] cloud-init[934]: | o    . . +   +  |
[    5.951081] cloud-init[934]: |. o   .= .   .   |
[    5.956502] cloud-init[934]: | . o.o+.o . o    |
[    5.956705] cloud-init[934]: | .+.oooo.o.. .   |
[    5.956917] cloud-init[934]: +----[SHA256]-----+
[    5.957137] cloud-init[934]: Generating public/private ed25519 key pair.
[    5.957346] cloud-init[934]: Your identification has been saved in /etc/ssh/ssh_host_ed25519_key.
[    5.957635] cloud-init[934]: Your public key has been saved in /etc/ssh/ssh_host_ed25519_key.pub.
[    5.957846] cloud-init[934]: The key fingerprint is:
[    5.958058] cloud-init[934]: SHA256:QZkB1es9jTvFG0+DjdTixcrHAgIWUYIuTYk80unlsgI root@ubuntu-xenial
[    5.958266] cloud-init[934]: The key's randomart image is:
[    5.958551] cloud-init[934]: +--[ED25519 256]--+
[    5.958760] cloud-init[934]: |  o o +*B*       |
[    5.958978] cloud-init[934]: | . * = ++ .      |
[    5.959186] cloud-init[934]: |  o B . o  .  o  |
[    5.959395] cloud-init[934]: |E  + +   o.. o + |
[    5.959618] cloud-init[934]: |.   +   S...=+O  |
[    5.959822] cloud-init[934]: | . .      . +B==.|
[    5.960117] cloud-init[934]: |  .          +o=.|
[    5.960318] cloud-init[934]: |            o . .|
[    5.960647] cloud-init[934]: |             .   |
[    5.960881] cloud-init[934]: +----[SHA256]-----+
[[0;32m  OK  [0m] Listening on D-Bus System Message Bus Socket.
[[0;32m  OK  [0m] Listening on LXD - unix socket.
[[0;32m  OK  [0m] Listening on Socket activation for snappy daemon.
[[0;32m  OK  [0m] Started iSCSI initiator daemon (iscsid).
         Starting Login to default iSCSI targets...
[[0;32m  OK  [0m] Reached target Sockets.
[[0;32m  OK  [0m] Reached target Basic System.
         Starting /etc/rc.local Compatibility...
[[0;32m  OK  [0m] Started ACPI event daemon.
         Starting LSB: Record successful boot for GRUB...
         Starting LSB: MD monitoring daemon...
         Starting Virtualbox guest utils...
         Starting Login Service...
[[0;32m  OK  [0m] Started Regular background program processing daemon.
         Starting Accounts Service...
[[0;32m  OK  [0m] Started Deferred execution scheduler.
[[0;32m  OK  [0m] Started D-Bus System Message Bus.
[[0;32m  OK  [0m] Started FUSE filesystem for LXC.
         Starting System Logging Service...
         Starting Pollinate to seed the pseudo random number generator...
         Starting Snappy daemon...
         Starting LXD - container startup/shutdown...
[[0;32m  OK  [0m] Started /etc/rc.local Compatibility.
[[0;32m  OK  [0m] Started LSB: Record successful boot for GRUB.
[[0;32m  OK  [0m] Started LSB: MD monitoring daemon.
[[0;32m  OK  [0m] Started Login to default iSCSI targets.
[[0;32m  OK  [0m] Started System Logging Service.
[[0;32m  OK  [0m] Started Login Service.
[[0;32m  OK  [0m] Started Unattended Upgrades Shutdown.
         Starting Authenticate and Authorize Users to Run Privileged Tasks...
[[0;32m  OK  [0m] Reached target Remote File Systems (Pre).
[[0;32m  OK  [0m] Reached target Remote File Systems.
         Starting Permit User Sessions...
         Starting LSB: Set the CPU Frequency Scaling governor to "ondemand"...
         Starting LSB: automatic crash report generation...
         Starting LSB: daemon to balance interrupts for SMP systems...
[[0;32m  OK  [0m] Started Permit User Sessions.
         Starting Terminate Plymouth Boot Screen...
         Starting Hold until boot process finishes up...
[[0;32m  OK  [0m] Started Hold until boot process finishes up.
[[0;32m  OK  [0m] Started Serial Getty on ttyS0.
[[0;32m  OK  [0m] Started Getty on tty1.
[[0;32m  OK  [0m] Reached target Login Prompts.
         Starting Set console scheme...
[[0;32m  OK  [0m] Started LSB: Set the CPU Frequency Scaling governor to "ondemand".
[[0;32m  OK  [0m] Started Terminate Plymouth Boot Screen.
[[0;32m  OK  [0m] Started Set console scheme.
[[0;32m  OK  [0m] Started Authenticate and Authorize Users to Run Privileged Tasks.
[[0;32m  OK  [0m] Started Accounts Service.
[[0;32m  OK  [0m] Started LSB: daemon to balance interrupts for SMP systems.
[[0;32m  OK  [0m] Started LSB: automatic crash report generation.
[[0;32m  OK  [0m] Started Virtualbox guest utils.
[[0;32m  OK  [0m] Started LXD - container startup/shutdown.
[[0;32m  OK  [0m] Started Snappy daemon.
         Starting Wait until snapd is fully seeded...
[[0;32m  OK  [0m] Started Pollinate to seed the pseudo random number generator.
         Starting OpenBSD Secure Shell server...
[[0;32m  OK  [0m] Started OpenBSD Secure Shell server.
[[0;32m  OK  [0m] Started Wait until snapd is fully seeded.
         Starting Apply the settings specified in cloud-config...
[[0;32m  OK  [0m] Reached target Multi-User System.
[[0;32m  OK  [0m] Reached target Graphical Interface.
         Starting Update UTMP about System Runlevel Changes...
[[0;32m  OK  [0m] Started Update UTMP about System Runlevel Changes.
[    8.161521] cloud-init[1264]: Generating locales (this might take a while)...
[    8.597965] cloud-init[1264]:   en_US.UTF-8... done
[    8.598649] cloud-init[1264]: Generation complete.
[    8.786096] cloud-init[1264]: Cloud-init v. 18.5-45-g3554ffe8-0ubuntu1~16.04.1 running 'modules:config' at Fri, 03 May 2019 14:42:56 +0000. Up 8.09 seconds.
[[0;32m  OK  [0m] Started Apply the settings specified in cloud-config.
         Starting Execute cloud user/final scripts...
ci-info: no authorized ssh keys fingerprints found for user ubuntu.
<14>May  3 14:42:57 ec2: 
<14>May  3 14:42:57 ec2: #############################################################
<14>May  3 14:42:57 ec2: -----BEGIN SSH HOST KEY FINGERPRINTS-----
<14>May  3 14:42:57 ec2: 1024 SHA256:kLP+YUu3TVcMwJ2i+N5m7n0/NFQB1FL5eBseY8hrFu8 root@ubuntu-xenial (DSA)
<14>May  3 14:42:57 ec2: 256 SHA256:FOJxcRu86hW5HD03Ds86agraioS9fpd7GHFVwBIzOq0 root@ubuntu-xenial (ECDSA)
<14>May  3 14:42:57 ec2: 256 SHA256:QZkB1es9jTvFG0+DjdTixcrHAgIWUYIuTYk80unlsgI root@ubuntu-xenial (ED25519)
<14>May  3 14:42:57 ec2: 2048 SHA256:CL+ZuTadH+0cJdOKXbbconJWc+039p9pPz7EOJ57BNE root@ubuntu-xenial (RSA)
<14>May  3 14:42:57 ec2: -----END SSH HOST KEY FINGERPRINTS-----
<14>May  3 14:42:57 ec2: #############################################################
-----BEGIN SSH HOST KEY KEYS-----
ecdsa-sha2-nistp256 AAAAE2VjZHNhLXNoYTItbmlzdHAyNTYAAAAIbmlzdHAyNTYAAABBBL7BUyRkBblV9IoGXnE33oJXYbLsABxGafxY8d1ReK8F0i1DEd2P8Mn1ZABPf4q93WtGSplZ28Mmvh+cIHZSDsM= root@ubuntu-xenial
ssh-ed25519 AAAAC3NzaC1lZDI1NTE5AAAAIATbhPzntHZvu37bmARaI9H0vDhGjiG8D+vTphfN5ZpG root@ubuntu-xenial
ssh-rsa AAAAB3NzaC1yc2EAAAADAQABAAABAQCpITbdVHYUVgh/7UzElTfZ56jJhPtrZFq3VzGTiT4UYqcSQBRwX32l3qTpst+8ZTcyn/SDs6v2naSx9kONQ4nBQiKe23c/5mzEZ22a9hdDuO+khcdseAYvZFfTkWEy//pXN2CcXk6/l85n61/Uum2H4WhU37P2ul+byfd8fBW9zcJuVFFRH4AS2dby8GPC346qNh6+Vg0ebtT6PlIlYEesfBRa0rknIjU36TCJ81VLd89Z6Jbz2/2CVYHnjbANRtricFhuDiMztnT0qY4V0X1rHZkYtICeunsX/WFdZRUeEBP7VeYjoJLPGfL/1iebpSA4YYrASjW990u0JU2bJJib root@ubuntu-xenial
-----END SSH HOST KEY KEYS-----
[    9.086058] cloud-init[1307]: Cloud-init v. 18.5-45-g3554ffe8-0ubuntu1~16.04.1 running 'modules:final' at Fri, 03 May 2019 14:42:57 +0000. Up 8.99 seconds.
[    9.086884] cloud-init[1307]: ci-info: no authorized ssh keys fingerprints found for user ubuntu.
[    9.087711] cloud-init[1307]: Cloud-init v. 18.5-45-g3554ffe8-0ubuntu1~16.04.1 finished at Fri, 03 May 2019 14:42:57 +0000. Datasource DataSourceNoCloud [seed=/dev/sdb][dsmode=net].  Up 9.08 seconds
[[0;32m  OK  [0m] Started Execute cloud user/final scripts.
[[0;32m  OK  [0m] Reached target Cloud-init target.

Ubuntu 16.04.6 LTS ubuntu-xenial ttyS0

ubuntu-xenial login: 